==5296== Memcheck, a memory error detector
==5296== Copyright (C) 2002-2017, and GNU GPL'd, by Julian Seward et al.
==5296== Using Valgrind-3.13.0 and LibVEX; rerun with -h for copyright info
==5296== Command: ./test
==5296== 
==5296== 
==5296== HEAP SUMMARY:
==5296==     in use at exit: 56,372 bytes in 95 blocks
==5296==   total heap usage: 857 allocs, 762 frees, 711,703 bytes allocated
==5296== 
==5296== 4 bytes in 1 blocks are definitely lost in loss record 8 of 63
==5296==    at 0x4C3217F: operator new(unsigned long) (in /usr/lib/valgrind/vgpreload_memcheck-amd64-linux.so)
==5296==    by 0x11A537: string_map<int>::insert(std::pair<std::__cxx11::basic_string<char, std::char_traits<char>, std::allocator<char> >, int> const&) (in /home/jminces/Algo 2/algoritmos2/herramientas/algobot/algobot/2022-c1/repos/450_21/g4/taller/correcciones/2022-06-07/test)
==5296==    by 0x11090F: string_map_test_asignar_Test::TestBody() (in /home/jminces/Algo 2/algoritmos2/herramientas/algobot/algobot/2022-c1/repos/450_21/g4/taller/correcciones/2022-06-07/test)
==5296==    by 0x1471A6: void testing::internal::HandleSehExceptionsInMethodIfSupported<testing::Test, void>(testing::Test*, void (testing::Test::*)(), char const*) (in /home/jminces/Algo 2/algoritmos2/herramientas/algobot/algobot/2022-c1/repos/450_21/g4/taller/correcciones/2022-06-07/test)
==5296==    by 0x14121C: void testing::internal::HandleExceptionsInMethodIfSupported<testing::Test, void>(testing::Test*, void (testing::Test::*)(), char const*) (in /home/jminces/Algo 2/algoritmos2/herramientas/algobot/algobot/2022-c1/repos/450_21/g4/taller/correcciones/2022-06-07/test)
==5296==    by 0x124C4D: testing::Test::Run() (in /home/jminces/Algo 2/algoritmos2/herramientas/algobot/algobot/2022-c1/repos/450_21/g4/taller/correcciones/2022-06-07/test)
==5296==    by 0x125583: testing::TestInfo::Run() (in /home/jminces/Algo 2/algoritmos2/herramientas/algobot/algobot/2022-c1/repos/450_21/g4/taller/correcciones/2022-06-07/test)
==5296==    by 0x125C0D: testing::TestCase::Run() (in /home/jminces/Algo 2/algoritmos2/herramientas/algobot/algobot/2022-c1/repos/450_21/g4/taller/correcciones/2022-06-07/test)
==5296==    by 0x12CAD9: testing::internal::UnitTestImpl::RunAllTests() (in /home/jminces/Algo 2/algoritmos2/herramientas/algobot/algobot/2022-c1/repos/450_21/g4/taller/correcciones/2022-06-07/test)
==5296==    by 0x14834E: bool testing::internal::HandleSehExceptionsInMethodIfSupported<testing::internal::UnitTestImpl, bool>(testing::internal::UnitTestImpl*, bool (testing::internal::UnitTestImpl::*)(), char const*) (in /home/jminces/Algo 2/algoritmos2/herramientas/algobot/algobot/2022-c1/repos/450_21/g4/taller/correcciones/2022-06-07/test)
==5296==    by 0x141FEA: bool testing::internal::HandleExceptionsInMethodIfSupported<testing::internal::UnitTestImpl, bool>(testing::internal::UnitTestImpl*, bool (testing::internal::UnitTestImpl::*)(), char const*) (in /home/jminces/Algo 2/algoritmos2/herramientas/algobot/algobot/2022-c1/repos/450_21/g4/taller/correcciones/2022-06-07/test)
==5296==    by 0x12B69D: testing::UnitTest::Run() (in /home/jminces/Algo 2/algoritmos2/herramientas/algobot/algobot/2022-c1/repos/450_21/g4/taller/correcciones/2022-06-07/test)
==5296== 
==5296== 4 bytes in 1 blocks are definitely lost in loss record 9 of 63
==5296==    at 0x4C3217F: operator new(unsigned long) (in /usr/lib/valgrind/vgpreload_memcheck-amd64-linux.so)
==5296==    by 0x11A537: string_map<int>::insert(std::pair<std::__cxx11::basic_string<char, std::char_traits<char>, std::allocator<char> >, int> const&) (in /home/jminces/Algo 2/algoritmos2/herramientas/algobot/algobot/2022-c1/repos/450_21/g4/taller/correcciones/2022-06-07/test)
==5296==    by 0x110C3F: string_map_test_obtener_Test::TestBody() (in /home/jminces/Algo 2/algoritmos2/herramientas/algobot/algobot/2022-c1/repos/450_21/g4/taller/correcciones/2022-06-07/test)
==5296==    by 0x1471A6: void testing::internal::HandleSehExceptionsInMethodIfSupported<testing::Test, void>(testing::Test*, void (testing::Test::*)(), char const*) (in /home/jminces/Algo 2/algoritmos2/herramientas/algobot/algobot/2022-c1/repos/450_21/g4/taller/correcciones/2022-06-07/test)
==5296==    by 0x14121C: void testing::internal::HandleExceptionsInMethodIfSupported<testing::Test, void>(testing::Test*, void (testing::Test::*)(), char const*) (in /home/jminces/Algo 2/algoritmos2/herramientas/algobot/algobot/2022-c1/repos/450_21/g4/taller/correcciones/2022-06-07/test)
==5296==    by 0x124C4D: testing::Test::Run() (in /home/jminces/Algo 2/algoritmos2/herramientas/algobot/algobot/2022-c1/repos/450_21/g4/taller/correcciones/2022-06-07/test)
==5296==    by 0x125583: testing::TestInfo::Run() (in /home/jminces/Algo 2/algoritmos2/herramientas/algobot/algobot/2022-c1/repos/450_21/g4/taller/correcciones/2022-06-07/test)
==5296==    by 0x125C0D: testing::TestCase::Run() (in /home/jminces/Algo 2/algoritmos2/herramientas/algobot/algobot/2022-c1/repos/450_21/g4/taller/correcciones/2022-06-07/test)
==5296==    by 0x12CAD9: testing::internal::UnitTestImpl::RunAllTests() (in /home/jminces/Algo 2/algoritmos2/herramientas/algobot/algobot/2022-c1/repos/450_21/g4/taller/correcciones/2022-06-07/test)
==5296==    by 0x14834E: bool testing::internal::HandleSehExceptionsInMethodIfSupported<testing::internal::UnitTestImpl, bool>(testing::internal::UnitTestImpl*, bool (testing::internal::UnitTestImpl::*)(), char const*) (in /home/jminces/Algo 2/algoritmos2/herramientas/algobot/algobot/2022-c1/repos/450_21/g4/taller/correcciones/2022-06-07/test)
==5296==    by 0x141FEA: bool testing::internal::HandleExceptionsInMethodIfSupported<testing::internal::UnitTestImpl, bool>(testing::internal::UnitTestImpl*, bool (testing::internal::UnitTestImpl::*)(), char const*) (in /home/jminces/Algo 2/algoritmos2/herramientas/algobot/algobot/2022-c1/repos/450_21/g4/taller/correcciones/2022-06-07/test)
==5296==    by 0x12B69D: testing::UnitTest::Run() (in /home/jminces/Algo 2/algoritmos2/herramientas/algobot/algobot/2022-c1/repos/450_21/g4/taller/correcciones/2022-06-07/test)
==5296== 
==5296== 4 bytes in 1 blocks are definitely lost in loss record 10 of 63
==5296==    at 0x4C3217F: operator new(unsigned long) (in /usr/lib/valgrind/vgpreload_memcheck-amd64-linux.so)
==5296==    by 0x11A537: string_map<int>::insert(std::pair<std::__cxx11::basic_string<char, std::char_traits<char>, std::allocator<char> >, int> const&) (in /home/jminces/Algo 2/algoritmos2/herramientas/algobot/algobot/2022-c1/repos/450_21/g4/taller/correcciones/2022-06-07/test)
==5296==    by 0x110C93: string_map_test_obtener_Test::TestBody() (in /home/jminces/Algo 2/algoritmos2/herramientas/algobot/algobot/2022-c1/repos/450_21/g4/taller/correcciones/2022-06-07/test)
==5296==    by 0x1471A6: void testing::internal::HandleSehExceptionsInMethodIfSupported<testing::Test, void>(testing::Test*, void (testing::Test::*)(), char const*) (in /home/jminces/Algo 2/algoritmos2/herramientas/algobot/algobot/2022-c1/repos/450_21/g4/taller/correcciones/2022-06-07/test)
==5296==    by 0x14121C: void testing::internal::HandleExceptionsInMethodIfSupported<testing::Test, void>(testing::Test*, void (testing::Test::*)(), char const*) (in /home/jminces/Algo 2/algoritmos2/herramientas/algobot/algobot/2022-c1/repos/450_21/g4/taller/correcciones/2022-06-07/test)
==5296==    by 0x124C4D: testing::Test::Run() (in /home/jminces/Algo 2/algoritmos2/herramientas/algobot/algobot/2022-c1/repos/450_21/g4/taller/correcciones/2022-06-07/test)
==5296==    by 0x125583: testing::TestInfo::Run() (in /home/jminces/Algo 2/algoritmos2/herramientas/algobot/algobot/2022-c1/repos/450_21/g4/taller/correcciones/2022-06-07/test)
==5296==    by 0x125C0D: testing::TestCase::Run() (in /home/jminces/Algo 2/algoritmos2/herramientas/algobot/algobot/2022-c1/repos/450_21/g4/taller/correcciones/2022-06-07/test)
==5296==    by 0x12CAD9: testing::internal::UnitTestImpl::RunAllTests() (in /home/jminces/Algo 2/algoritmos2/herramientas/algobot/algobot/2022-c1/repos/450_21/g4/taller/correcciones/2022-06-07/test)
==5296==    by 0x14834E: bool testing::internal::HandleSehExceptionsInMethodIfSupported<testing::internal::UnitTestImpl, bool>(testing::internal::UnitTestImpl*, bool (testing::internal::UnitTestImpl::*)(), char const*) (in /home/jminces/Algo 2/algoritmos2/herramientas/algobot/algobot/2022-c1/repos/450_21/g4/taller/correcciones/2022-06-07/test)
==5296==    by 0x141FEA: bool testing::internal::HandleExceptionsInMethodIfSupported<testing::internal::UnitTestImpl, bool>(testing::internal::UnitTestImpl*, bool (testing::internal::UnitTestImpl::*)(), char const*) (in /home/jminces/Algo 2/algoritmos2/herramientas/algobot/algobot/2022-c1/repos/450_21/g4/taller/correcciones/2022-06-07/test)
==5296==    by 0x12B69D: testing::UnitTest::Run() (in /home/jminces/Algo 2/algoritmos2/herramientas/algobot/algobot/2022-c1/repos/450_21/g4/taller/correcciones/2022-06-07/test)
==5296== 
==5296== 4 bytes in 1 blocks are definitely lost in loss record 11 of 63
==5296==    at 0x4C3217F: operator new(unsigned long) (in /usr/lib/valgrind/vgpreload_memcheck-amd64-linux.so)
==5296==    by 0x11A537: string_map<int>::insert(std::pair<std::__cxx11::basic_string<char, std::char_traits<char>, std::allocator<char> >, int> const&) (in /home/jminces/Algo 2/algoritmos2/herramientas/algobot/algobot/2022-c1/repos/450_21/g4/taller/correcciones/2022-06-07/test)
==5296==    by 0x110CE7: string_map_test_obtener_Test::TestBody() (in /home/jminces/Algo 2/algoritmos2/herramientas/algobot/algobot/2022-c1/repos/450_21/g4/taller/correcciones/2022-06-07/test)
==5296==    by 0x1471A6: void testing::internal::HandleSehExceptionsInMethodIfSupported<testing::Test, void>(testing::Test*, void (testing::Test::*)(), char const*) (in /home/jminces/Algo 2/algoritmos2/herramientas/algobot/algobot/2022-c1/repos/450_21/g4/taller/correcciones/2022-06-07/test)
==5296==    by 0x14121C: void testing::internal::HandleExceptionsInMethodIfSupported<testing::Test, void>(testing::Test*, void (testing::Test::*)(), char const*) (in /home/jminces/Algo 2/algoritmos2/herramientas/algobot/algobot/2022-c1/repos/450_21/g4/taller/correcciones/2022-06-07/test)
==5296==    by 0x124C4D: testing::Test::Run() (in /home/jminces/Algo 2/algoritmos2/herramientas/algobot/algobot/2022-c1/repos/450_21/g4/taller/correcciones/2022-06-07/test)
==5296==    by 0x125583: testing::TestInfo::Run() (in /home/jminces/Algo 2/algoritmos2/herramientas/algobot/algobot/2022-c1/repos/450_21/g4/taller/correcciones/2022-06-07/test)
==5296==    by 0x125C0D: testing::TestCase::Run() (in /home/jminces/Algo 2/algoritmos2/herramientas/algobot/algobot/2022-c1/repos/450_21/g4/taller/correcciones/2022-06-07/test)
==5296==    by 0x12CAD9: testing::internal::UnitTestImpl::RunAllTests() (in /home/jminces/Algo 2/algoritmos2/herramientas/algobot/algobot/2022-c1/repos/450_21/g4/taller/correcciones/2022-06-07/test)
==5296==    by 0x14834E: bool testing::internal::HandleSehExceptionsInMethodIfSupported<testing::internal::UnitTestImpl, bool>(testing::internal::UnitTestImpl*, bool (testing::internal::UnitTestImpl::*)(), char const*) (in /home/jminces/Algo 2/algoritmos2/herramientas/algobot/algobot/2022-c1/repos/450_21/g4/taller/correcciones/2022-06-07/test)
==5296==    by 0x141FEA: bool testing::internal::HandleExceptionsInMethodIfSupported<testing::internal::UnitTestImpl, bool>(testing::internal::UnitTestImpl*, bool (testing::internal::UnitTestImpl::*)(), char const*) (in /home/jminces/Algo 2/algoritmos2/herramientas/algobot/algobot/2022-c1/repos/450_21/g4/taller/correcciones/2022-06-07/test)
==5296==    by 0x12B69D: testing::UnitTest::Run() (in /home/jminces/Algo 2/algoritmos2/herramientas/algobot/algobot/2022-c1/repos/450_21/g4/taller/correcciones/2022-06-07/test)
==5296== 
==5296== 4 bytes in 1 blocks are definitely lost in loss record 12 of 63
==5296==    at 0x4C3217F: operator new(unsigned long) (in /usr/lib/valgrind/vgpreload_memcheck-amd64-linux.so)
==5296==    by 0x11A537: string_map<int>::insert(std::pair<std::__cxx11::basic_string<char, std::char_traits<char>, std::allocator<char> >, int> const&) (in /home/jminces/Algo 2/algoritmos2/herramientas/algobot/algobot/2022-c1/repos/450_21/g4/taller/correcciones/2022-06-07/test)
==5296==    by 0x110D3B: string_map_test_obtener_Test::TestBody() (in /home/jminces/Algo 2/algoritmos2/herramientas/algobot/algobot/2022-c1/repos/450_21/g4/taller/correcciones/2022-06-07/test)
==5296==    by 0x1471A6: void testing::internal::HandleSehExceptionsInMethodIfSupported<testing::Test, void>(testing::Test*, void (testing::Test::*)(), char const*) (in /home/jminces/Algo 2/algoritmos2/herramientas/algobot/algobot/2022-c1/repos/450_21/g4/taller/correcciones/2022-06-07/test)
==5296==    by 0x14121C: void testing::internal::HandleExceptionsInMethodIfSupported<testing::Test, void>(testing::Test*, void (testing::Test::*)(), char const*) (in /home/jminces/Algo 2/algoritmos2/herramientas/algobot/algobot/2022-c1/repos/450_21/g4/taller/correcciones/2022-06-07/test)
==5296==    by 0x124C4D: testing::Test::Run() (in /home/jminces/Algo 2/algoritmos2/herramientas/algobot/algobot/2022-c1/repos/450_21/g4/taller/correcciones/2022-06-07/test)
==5296==    by 0x125583: testing::TestInfo::Run() (in /home/jminces/Algo 2/algoritmos2/herramientas/algobot/algobot/2022-c1/repos/450_21/g4/taller/correcciones/2022-06-07/test)
==5296==    by 0x125C0D: testing::TestCase::Run() (in /home/jminces/Algo 2/algoritmos2/herramientas/algobot/algobot/2022-c1/repos/450_21/g4/taller/correcciones/2022-06-07/test)
==5296==    by 0x12CAD9: testing::internal::UnitTestImpl::RunAllTests() (in /home/jminces/Algo 2/algoritmos2/herramientas/algobot/algobot/2022-c1/repos/450_21/g4/taller/correcciones/2022-06-07/test)
==5296==    by 0x14834E: bool testing::internal::HandleSehExceptionsInMethodIfSupported<testing::internal::UnitTestImpl, bool>(testing::internal::UnitTestImpl*, bool (testing::internal::UnitTestImpl::*)(), char const*) (in /home/jminces/Algo 2/algoritmos2/herramientas/algobot/algobot/2022-c1/repos/450_21/g4/taller/correcciones/2022-06-07/test)
==5296==    by 0x141FEA: bool testing::internal::HandleExceptionsInMethodIfSupported<testing::internal::UnitTestImpl, bool>(testing::internal::UnitTestImpl*, bool (testing::internal::UnitTestImpl::*)(), char const*) (in /home/jminces/Algo 2/algoritmos2/herramientas/algobot/algobot/2022-c1/repos/450_21/g4/taller/correcciones/2022-06-07/test)
==5296==    by 0x12B69D: testing::UnitTest::Run() (in /home/jminces/Algo 2/algoritmos2/herramientas/algobot/algobot/2022-c1/repos/450_21/g4/taller/correcciones/2022-06-07/test)
==5296== 
==5296== 4 bytes in 1 blocks are definitely lost in loss record 13 of 63
==5296==    at 0x4C3217F: operator new(unsigned long) (in /usr/lib/valgrind/vgpreload_memcheck-amd64-linux.so)
==5296==    by 0x11A537: string_map<int>::insert(std::pair<std::__cxx11::basic_string<char, std::char_traits<char>, std::allocator<char> >, int> const&) (in /home/jminces/Algo 2/algoritmos2/herramientas/algobot/algobot/2022-c1/repos/450_21/g4/taller/correcciones/2022-06-07/test)
==5296==    by 0x110D8F: string_map_test_obtener_Test::TestBody() (in /home/jminces/Algo 2/algoritmos2/herramientas/algobot/algobot/2022-c1/repos/450_21/g4/taller/correcciones/2022-06-07/test)
==5296==    by 0x1471A6: void testing::internal::HandleSehExceptionsInMethodIfSupported<testing::Test, void>(testing::Test*, void (testing::Test::*)(), char const*) (in /home/jminces/Algo 2/algoritmos2/herramientas/algobot/algobot/2022-c1/repos/450_21/g4/taller/correcciones/2022-06-07/test)
==5296==    by 0x14121C: void testing::internal::HandleExceptionsInMethodIfSupported<testing::Test, void>(testing::Test*, void (testing::Test::*)(), char const*) (in /home/jminces/Algo 2/algoritmos2/herramientas/algobot/algobot/2022-c1/repos/450_21/g4/taller/correcciones/2022-06-07/test)
==5296==    by 0x124C4D: testing::Test::Run() (in /home/jminces/Algo 2/algoritmos2/herramientas/algobot/algobot/2022-c1/repos/450_21/g4/taller/correcciones/2022-06-07/test)
==5296==    by 0x125583: testing::TestInfo::Run() (in /home/jminces/Algo 2/algoritmos2/herramientas/algobot/algobot/2022-c1/repos/450_21/g4/taller/correcciones/2022-06-07/test)
==5296==    by 0x125C0D: testing::TestCase::Run() (in /home/jminces/Algo 2/algoritmos2/herramientas/algobot/algobot/2022-c1/repos/450_21/g4/taller/correcciones/2022-06-07/test)
==5296==    by 0x12CAD9: testing::internal::UnitTestImpl::RunAllTests() (in /home/jminces/Algo 2/algoritmos2/herramientas/algobot/algobot/2022-c1/repos/450_21/g4/taller/correcciones/2022-06-07/test)
==5296==    by 0x14834E: bool testing::internal::HandleSehExceptionsInMethodIfSupported<testing::internal::UnitTestImpl, bool>(testing::internal::UnitTestImpl*, bool (testing::internal::UnitTestImpl::*)(), char const*) (in /home/jminces/Algo 2/algoritmos2/herramientas/algobot/algobot/2022-c1/repos/450_21/g4/taller/correcciones/2022-06-07/test)
==5296==    by 0x141FEA: bool testing::internal::HandleExceptionsInMethodIfSupported<testing::internal::UnitTestImpl, bool>(testing::internal::UnitTestImpl*, bool (testing::internal::UnitTestImpl::*)(), char const*) (in /home/jminces/Algo 2/algoritmos2/herramientas/algobot/algobot/2022-c1/repos/450_21/g4/taller/correcciones/2022-06-07/test)
==5296==    by 0x12B69D: testing::UnitTest::Run() (in /home/jminces/Algo 2/algoritmos2/herramientas/algobot/algobot/2022-c1/repos/450_21/g4/taller/correcciones/2022-06-07/test)
==5296== 
==5296== 4 bytes in 1 blocks are definitely lost in loss record 14 of 63
==5296==    at 0x4C3217F: operator new(unsigned long) (in /usr/lib/valgrind/vgpreload_memcheck-amd64-linux.so)
==5296==    by 0x11A537: string_map<int>::insert(std::pair<std::__cxx11::basic_string<char, std::char_traits<char>, std::allocator<char> >, int> const&) (in /home/jminces/Algo 2/algoritmos2/herramientas/algobot/algobot/2022-c1/repos/450_21/g4/taller/correcciones/2022-06-07/test)
==5296==    by 0x110DE3: string_map_test_obtener_Test::TestBody() (in /home/jminces/Algo 2/algoritmos2/herramientas/algobot/algobot/2022-c1/repos/450_21/g4/taller/correcciones/2022-06-07/test)
==5296==    by 0x1471A6: void testing::internal::HandleSehExceptionsInMethodIfSupported<testing::Test, void>(testing::Test*, void (testing::Test::*)(), char const*) (in /home/jminces/Algo 2/algoritmos2/herramientas/algobot/algobot/2022-c1/repos/450_21/g4/taller/correcciones/2022-06-07/test)
==5296==    by 0x14121C: void testing::internal::HandleExceptionsInMethodIfSupported<testing::Test, void>(testing::Test*, void (testing::Test::*)(), char const*) (in /home/jminces/Algo 2/algoritmos2/herramientas/algobot/algobot/2022-c1/repos/450_21/g4/taller/correcciones/2022-06-07/test)
==5296==    by 0x124C4D: testing::Test::Run() (in /home/jminces/Algo 2/algoritmos2/herramientas/algobot/algobot/2022-c1/repos/450_21/g4/taller/correcciones/2022-06-07/test)
==5296==    by 0x125583: testing::TestInfo::Run() (in /home/jminces/Algo 2/algoritmos2/herramientas/algobot/algobot/2022-c1/repos/450_21/g4/taller/correcciones/2022-06-07/test)
==5296==    by 0x125C0D: testing::TestCase::Run() (in /home/jminces/Algo 2/algoritmos2/herramientas/algobot/algobot/2022-c1/repos/450_21/g4/taller/correcciones/2022-06-07/test)
==5296==    by 0x12CAD9: testing::internal::UnitTestImpl::RunAllTests() (in /home/jminces/Algo 2/algoritmos2/herramientas/algobot/algobot/2022-c1/repos/450_21/g4/taller/correcciones/2022-06-07/test)
==5296==    by 0x14834E: bool testing::internal::HandleSehExceptionsInMethodIfSupported<testing::internal::UnitTestImpl, bool>(testing::internal::UnitTestImpl*, bool (testing::internal::UnitTestImpl::*)(), char const*) (in /home/jminces/Algo 2/algoritmos2/herramientas/algobot/algobot/2022-c1/repos/450_21/g4/taller/correcciones/2022-06-07/test)
==5296==    by 0x141FEA: bool testing::internal::HandleExceptionsInMethodIfSupported<testing::internal::UnitTestImpl, bool>(testing::internal::UnitTestImpl*, bool (testing::internal::UnitTestImpl::*)(), char const*) (in /home/jminces/Algo 2/algoritmos2/herramientas/algobot/algobot/2022-c1/repos/450_21/g4/taller/correcciones/2022-06-07/test)
==5296==    by 0x12B69D: testing::UnitTest::Run() (in /home/jminces/Algo 2/algoritmos2/herramientas/algobot/algobot/2022-c1/repos/450_21/g4/taller/correcciones/2022-06-07/test)
==5296== 
==5296== 4 bytes in 1 blocks are definitely lost in loss record 15 of 63
==5296==    at 0x4C3217F: operator new(unsigned long) (in /usr/lib/valgrind/vgpreload_memcheck-amd64-linux.so)
==5296==    by 0x11A537: string_map<int>::insert(std::pair<std::__cxx11::basic_string<char, std::char_traits<char>, std::allocator<char> >, int> const&) (in /home/jminces/Algo 2/algoritmos2/herramientas/algobot/algobot/2022-c1/repos/450_21/g4/taller/correcciones/2022-06-07/test)
==5296==    by 0x11178D: string_map_test_redefinir_Test::TestBody() (in /home/jminces/Algo 2/algoritmos2/herramientas/algobot/algobot/2022-c1/repos/450_21/g4/taller/correcciones/2022-06-07/test)
==5296==    by 0x1471A6: void testing::internal::HandleSehExceptionsInMethodIfSupported<testing::Test, void>(testing::Test*, void (testing::Test::*)(), char const*) (in /home/jminces/Algo 2/algoritmos2/herramientas/algobot/algobot/2022-c1/repos/450_21/g4/taller/correcciones/2022-06-07/test)
==5296==    by 0x14121C: void testing::internal::HandleExceptionsInMethodIfSupported<testing::Test, void>(testing::Test*, void (testing::Test::*)(), char const*) (in /home/jminces/Algo 2/algoritmos2/herramientas/algobot/algobot/2022-c1/repos/450_21/g4/taller/correcciones/2022-06-07/test)
==5296==    by 0x124C4D: testing::Test::Run() (in /home/jminces/Algo 2/algoritmos2/herramientas/algobot/algobot/2022-c1/repos/450_21/g4/taller/correcciones/2022-06-07/test)
==5296==    by 0x125583: testing::TestInfo::Run() (in /home/jminces/Algo 2/algoritmos2/herramientas/algobot/algobot/2022-c1/repos/450_21/g4/taller/correcciones/2022-06-07/test)
==5296==    by 0x125C0D: testing::TestCase::Run() (in /home/jminces/Algo 2/algoritmos2/herramientas/algobot/algobot/2022-c1/repos/450_21/g4/taller/correcciones/2022-06-07/test)
==5296==    by 0x12CAD9: testing::internal::UnitTestImpl::RunAllTests() (in /home/jminces/Algo 2/algoritmos2/herramientas/algobot/algobot/2022-c1/repos/450_21/g4/taller/correcciones/2022-06-07/test)
==5296==    by 0x14834E: bool testing::internal::HandleSehExceptionsInMethodIfSupported<testing::internal::UnitTestImpl, bool>(testing::internal::UnitTestImpl*, bool (testing::internal::UnitTestImpl::*)(), char const*) (in /home/jminces/Algo 2/algoritmos2/herramientas/algobot/algobot/2022-c1/repos/450_21/g4/taller/correcciones/2022-06-07/test)
==5296==    by 0x141FEA: bool testing::internal::HandleExceptionsInMethodIfSupported<testing::internal::UnitTestImpl, bool>(testing::internal::UnitTestImpl*, bool (testing::internal::UnitTestImpl::*)(), char const*) (in /home/jminces/Algo 2/algoritmos2/herramientas/algobot/algobot/2022-c1/repos/450_21/g4/taller/correcciones/2022-06-07/test)
==5296==    by 0x12B69D: testing::UnitTest::Run() (in /home/jminces/Algo 2/algoritmos2/herramientas/algobot/algobot/2022-c1/repos/450_21/g4/taller/correcciones/2022-06-07/test)
==5296== 
==5296== 4 bytes in 1 blocks are definitely lost in loss record 16 of 63
==5296==    at 0x4C3217F: operator new(unsigned long) (in /usr/lib/valgrind/vgpreload_memcheck-amd64-linux.so)
==5296==    by 0x11A537: string_map<int>::insert(std::pair<std::__cxx11::basic_string<char, std::char_traits<char>, std::allocator<char> >, int> const&) (in /home/jminces/Algo 2/algoritmos2/herramientas/algobot/algobot/2022-c1/repos/450_21/g4/taller/correcciones/2022-06-07/test)
==5296==    by 0x1117E1: string_map_test_redefinir_Test::TestBody() (in /home/jminces/Algo 2/algoritmos2/herramientas/algobot/algobot/2022-c1/repos/450_21/g4/taller/correcciones/2022-06-07/test)
==5296==    by 0x1471A6: void testing::internal::HandleSehExceptionsInMethodIfSupported<testing::Test, void>(testing::Test*, void (testing::Test::*)(), char const*) (in /home/jminces/Algo 2/algoritmos2/herramientas/algobot/algobot/2022-c1/repos/450_21/g4/taller/correcciones/2022-06-07/test)
==5296==    by 0x14121C: void testing::internal::HandleExceptionsInMethodIfSupported<testing::Test, void>(testing::Test*, void (testing::Test::*)(), char const*) (in /home/jminces/Algo 2/algoritmos2/herramientas/algobot/algobot/2022-c1/repos/450_21/g4/taller/correcciones/2022-06-07/test)
==5296==    by 0x124C4D: testing::Test::Run() (in /home/jminces/Algo 2/algoritmos2/herramientas/algobot/algobot/2022-c1/repos/450_21/g4/taller/correcciones/2022-06-07/test)
==5296==    by 0x125583: testing::TestInfo::Run() (in /home/jminces/Algo 2/algoritmos2/herramientas/algobot/algobot/2022-c1/repos/450_21/g4/taller/correcciones/2022-06-07/test)
==5296==    by 0x125C0D: testing::TestCase::Run() (in /home/jminces/Algo 2/algoritmos2/herramientas/algobot/algobot/2022-c1/repos/450_21/g4/taller/correcciones/2022-06-07/test)
==5296==    by 0x12CAD9: testing::internal::UnitTestImpl::RunAllTests() (in /home/jminces/Algo 2/algoritmos2/herramientas/algobot/algobot/2022-c1/repos/450_21/g4/taller/correcciones/2022-06-07/test)
==5296==    by 0x14834E: bool testing::internal::HandleSehExceptionsInMethodIfSupported<testing::internal::UnitTestImpl, bool>(testing::internal::UnitTestImpl*, bool (testing::internal::UnitTestImpl::*)(), char const*) (in /home/jminces/Algo 2/algoritmos2/herramientas/algobot/algobot/2022-c1/repos/450_21/g4/taller/correcciones/2022-06-07/test)
==5296==    by 0x141FEA: bool testing::internal::HandleExceptionsInMethodIfSupported<testing::internal::UnitTestImpl, bool>(testing::internal::UnitTestImpl*, bool (testing::internal::UnitTestImpl::*)(), char const*) (in /home/jminces/Algo 2/algoritmos2/herramientas/algobot/algobot/2022-c1/repos/450_21/g4/taller/correcciones/2022-06-07/test)
==5296==    by 0x12B69D: testing::UnitTest::Run() (in /home/jminces/Algo 2/algoritmos2/herramientas/algobot/algobot/2022-c1/repos/450_21/g4/taller/correcciones/2022-06-07/test)
==5296== 
==5296== 4 bytes in 1 blocks are definitely lost in loss record 17 of 63
==5296==    at 0x4C3217F: operator new(unsigned long) (in /usr/lib/valgrind/vgpreload_memcheck-amd64-linux.so)
==5296==    by 0x11A537: string_map<int>::insert(std::pair<std::__cxx11::basic_string<char, std::char_traits<char>, std::allocator<char> >, int> const&) (in /home/jminces/Algo 2/algoritmos2/herramientas/algobot/algobot/2022-c1/repos/450_21/g4/taller/correcciones/2022-06-07/test)
==5296==    by 0x111984: string_map_test_redefinir_Test::TestBody() (in /home/jminces/Algo 2/algoritmos2/herramientas/algobot/algobot/2022-c1/repos/450_21/g4/taller/correcciones/2022-06-07/test)
==5296==    by 0x1471A6: void testing::internal::HandleSehExceptionsInMethodIfSupported<testing::Test, void>(testing::Test*, void (testing::Test::*)(), char const*) (in /home/jminces/Algo 2/algoritmos2/herramientas/algobot/algobot/2022-c1/repos/450_21/g4/taller/correcciones/2022-06-07/test)
==5296==    by 0x14121C: void testing::internal::HandleExceptionsInMethodIfSupported<testing::Test, void>(testing::Test*, void (testing::Test::*)(), char const*) (in /home/jminces/Algo 2/algoritmos2/herramientas/algobot/algobot/2022-c1/repos/450_21/g4/taller/correcciones/2022-06-07/test)
==5296==    by 0x124C4D: testing::Test::Run() (in /home/jminces/Algo 2/algoritmos2/herramientas/algobot/algobot/2022-c1/repos/450_21/g4/taller/correcciones/2022-06-07/test)
==5296==    by 0x125583: testing::TestInfo::Run() (in /home/jminces/Algo 2/algoritmos2/herramientas/algobot/algobot/2022-c1/repos/450_21/g4/taller/correcciones/2022-06-07/test)
==5296==    by 0x125C0D: testing::TestCase::Run() (in /home/jminces/Algo 2/algoritmos2/herramientas/algobot/algobot/2022-c1/repos/450_21/g4/taller/correcciones/2022-06-07/test)
==5296==    by 0x12CAD9: testing::internal::UnitTestImpl::RunAllTests() (in /home/jminces/Algo 2/algoritmos2/herramientas/algobot/algobot/2022-c1/repos/450_21/g4/taller/correcciones/2022-06-07/test)
==5296==    by 0x14834E: bool testing::internal::HandleSehExceptionsInMethodIfSupported<testing::internal::UnitTestImpl, bool>(testing::internal::UnitTestImpl*, bool (testing::internal::UnitTestImpl::*)(), char const*) (in /home/jminces/Algo 2/algoritmos2/herramientas/algobot/algobot/2022-c1/repos/450_21/g4/taller/correcciones/2022-06-07/test)
==5296==    by 0x141FEA: bool testing::internal::HandleExceptionsInMethodIfSupported<testing::internal::UnitTestImpl, bool>(testing::internal::UnitTestImpl*, bool (testing::internal::UnitTestImpl::*)(), char const*) (in /home/jminces/Algo 2/algoritmos2/herramientas/algobot/algobot/2022-c1/repos/450_21/g4/taller/correcciones/2022-06-07/test)
==5296==    by 0x12B69D: testing::UnitTest::Run() (in /home/jminces/Algo 2/algoritmos2/herramientas/algobot/algobot/2022-c1/repos/450_21/g4/taller/correcciones/2022-06-07/test)
==5296== 
==5296== 4 bytes in 1 blocks are definitely lost in loss record 18 of 63
==5296==    at 0x4C3217F: operator new(unsigned long) (in /usr/lib/valgrind/vgpreload_memcheck-amd64-linux.so)
==5296==    by 0x11A537: string_map<int>::insert(std::pair<std::__cxx11::basic_string<char, std::char_traits<char>, std::allocator<char> >, int> const&) (in /home/jminces/Algo 2/algoritmos2/herramientas/algobot/algobot/2022-c1/repos/450_21/g4/taller/correcciones/2022-06-07/test)
==5296==    by 0x111C79: string_map_test_count_Test::TestBody() (in /home/jminces/Algo 2/algoritmos2/herramientas/algobot/algobot/2022-c1/repos/450_21/g4/taller/correcciones/2022-06-07/test)
==5296==    by 0x1471A6: void testing::internal::HandleSehExceptionsInMethodIfSupported<testing::Test, void>(testing::Test*, void (testing::Test::*)(), char const*) (in /home/jminces/Algo 2/algoritmos2/herramientas/algobot/algobot/2022-c1/repos/450_21/g4/taller/correcciones/2022-06-07/test)
==5296==    by 0x14121C: void testing::internal::HandleExceptionsInMethodIfSupported<testing::Test, void>(testing::Test*, void (testing::Test::*)(), char const*) (in /home/jminces/Algo 2/algoritmos2/herramientas/algobot/algobot/2022-c1/repos/450_21/g4/taller/correcciones/2022-06-07/test)
==5296==    by 0x124C4D: testing::Test::Run() (in /home/jminces/Algo 2/algoritmos2/herramientas/algobot/algobot/2022-c1/repos/450_21/g4/taller/correcciones/2022-06-07/test)
==5296==    by 0x125583: testing::TestInfo::Run() (in /home/jminces/Algo 2/algoritmos2/herramientas/algobot/algobot/2022-c1/repos/450_21/g4/taller/correcciones/2022-06-07/test)
==5296==    by 0x125C0D: testing::TestCase::Run() (in /home/jminces/Algo 2/algoritmos2/herramientas/algobot/algobot/2022-c1/repos/450_21/g4/taller/correcciones/2022-06-07/test)
==5296==    by 0x12CAD9: testing::internal::UnitTestImpl::RunAllTests() (in /home/jminces/Algo 2/algoritmos2/herramientas/algobot/algobot/2022-c1/repos/450_21/g4/taller/correcciones/2022-06-07/test)
==5296==    by 0x14834E: bool testing::internal::HandleSehExceptionsInMethodIfSupported<testing::internal::UnitTestImpl, bool>(testing::internal::UnitTestImpl*, bool (testing::internal::UnitTestImpl::*)(), char const*) (in /home/jminces/Algo 2/algoritmos2/herramientas/algobot/algobot/2022-c1/repos/450_21/g4/taller/correcciones/2022-06-07/test)
==5296==    by 0x141FEA: bool testing::internal::HandleExceptionsInMethodIfSupported<testing::internal::UnitTestImpl, bool>(testing::internal::UnitTestImpl*, bool (testing::internal::UnitTestImpl::*)(), char const*) (in /home/jminces/Algo 2/algoritmos2/herramientas/algobot/algobot/2022-c1/repos/450_21/g4/taller/correcciones/2022-06-07/test)
==5296==    by 0x12B69D: testing::UnitTest::Run() (in /home/jminces/Algo 2/algoritmos2/herramientas/algobot/algobot/2022-c1/repos/450_21/g4/taller/correcciones/2022-06-07/test)
==5296== 
==5296== 4 bytes in 1 blocks are definitely lost in loss record 19 of 63
==5296==    at 0x4C3217F: operator new(unsigned long) (in /usr/lib/valgrind/vgpreload_memcheck-amd64-linux.so)
==5296==    by 0x11A537: string_map<int>::insert(std::pair<std::__cxx11::basic_string<char, std::char_traits<char>, std::allocator<char> >, int> const&) (in /home/jminces/Algo 2/algoritmos2/herramientas/algobot/algobot/2022-c1/repos/450_21/g4/taller/correcciones/2022-06-07/test)
==5296==    by 0x111CD3: string_map_test_count_Test::TestBody() (in /home/jminces/Algo 2/algoritmos2/herramientas/algobot/algobot/2022-c1/repos/450_21/g4/taller/correcciones/2022-06-07/test)
==5296==    by 0x1471A6: void testing::internal::HandleSehExceptionsInMethodIfSupported<testing::Test, void>(testing::Test*, void (testing::Test::*)(), char const*) (in /home/jminces/Algo 2/algoritmos2/herramientas/algobot/algobot/2022-c1/repos/450_21/g4/taller/correcciones/2022-06-07/test)
==5296==    by 0x14121C: void testing::internal::HandleExceptionsInMethodIfSupported<testing::Test, void>(testing::Test*, void (testing::Test::*)(), char const*) (in /home/jminces/Algo 2/algoritmos2/herramientas/algobot/algobot/2022-c1/repos/450_21/g4/taller/correcciones/2022-06-07/test)
==5296==    by 0x124C4D: testing::Test::Run() (in /home/jminces/Algo 2/algoritmos2/herramientas/algobot/algobot/2022-c1/repos/450_21/g4/taller/correcciones/2022-06-07/test)
==5296==    by 0x125583: testing::TestInfo::Run() (in /home/jminces/Algo 2/algoritmos2/herramientas/algobot/algobot/2022-c1/repos/450_21/g4/taller/correcciones/2022-06-07/test)
==5296==    by 0x125C0D: testing::TestCase::Run() (in /home/jminces/Algo 2/algoritmos2/herramientas/algobot/algobot/2022-c1/repos/450_21/g4/taller/correcciones/2022-06-07/test)
==5296==    by 0x12CAD9: testing::internal::UnitTestImpl::RunAllTests() (in /home/jminces/Algo 2/algoritmos2/herramientas/algobot/algobot/2022-c1/repos/450_21/g4/taller/correcciones/2022-06-07/test)
==5296==    by 0x14834E: bool testing::internal::HandleSehExceptionsInMethodIfSupported<testing::internal::UnitTestImpl, bool>(testing::internal::UnitTestImpl*, bool (testing::internal::UnitTestImpl::*)(), char const*) (in /home/jminces/Algo 2/algoritmos2/herramientas/algobot/algobot/2022-c1/repos/450_21/g4/taller/correcciones/2022-06-07/test)
==5296==    by 0x141FEA: bool testing::internal::HandleExceptionsInMethodIfSupported<testing::internal::UnitTestImpl, bool>(testing::internal::UnitTestImpl*, bool (testing::internal::UnitTestImpl::*)(), char const*) (in /home/jminces/Algo 2/algoritmos2/herramientas/algobot/algobot/2022-c1/repos/450_21/g4/taller/correcciones/2022-06-07/test)
==5296==    by 0x12B69D: testing::UnitTest::Run() (in /home/jminces/Algo 2/algoritmos2/herramientas/algobot/algobot/2022-c1/repos/450_21/g4/taller/correcciones/2022-06-07/test)
==5296== 
==5296== 4 bytes in 1 blocks are definitely lost in loss record 20 of 63
==5296==    at 0x4C3217F: operator new(unsigned long) (in /usr/lib/valgrind/vgpreload_memcheck-amd64-linux.so)
==5296==    by 0x11A537: string_map<int>::insert(std::pair<std::__cxx11::basic_string<char, std::char_traits<char>, std::allocator<char> >, int> const&) (in /home/jminces/Algo 2/algoritmos2/herramientas/algobot/algobot/2022-c1/repos/450_21/g4/taller/correcciones/2022-06-07/test)
==5296==    by 0x111D2D: string_map_test_count_Test::TestBody() (in /home/jminces/Algo 2/algoritmos2/herramientas/algobot/algobot/2022-c1/repos/450_21/g4/taller/correcciones/2022-06-07/test)
==5296==    by 0x1471A6: void testing::internal::HandleSehExceptionsInMethodIfSupported<testing::Test, void>(testing::Test*, void (testing::Test::*)(), char const*) (in /home/jminces/Algo 2/algoritmos2/herramientas/algobot/algobot/2022-c1/repos/450_21/g4/taller/correcciones/2022-06-07/test)
==5296==    by 0x14121C: void testing::internal::HandleExceptionsInMethodIfSupported<testing::Test, void>(testing::Test*, void (testing::Test::*)(), char const*) (in /home/jminces/Algo 2/algoritmos2/herramientas/algobot/algobot/2022-c1/repos/450_21/g4/taller/correcciones/2022-06-07/test)
==5296==    by 0x124C4D: testing::Test::Run() (in /home/jminces/Algo 2/algoritmos2/herramientas/algobot/algobot/2022-c1/repos/450_21/g4/taller/correcciones/2022-06-07/test)
==5296==    by 0x125583: testing::TestInfo::Run() (in /home/jminces/Algo 2/algoritmos2/herramientas/algobot/algobot/2022-c1/repos/450_21/g4/taller/correcciones/2022-06-07/test)
==5296==    by 0x125C0D: testing::TestCase::Run() (in /home/jminces/Algo 2/algoritmos2/herramientas/algobot/algobot/2022-c1/repos/450_21/g4/taller/correcciones/2022-06-07/test)
==5296==    by 0x12CAD9: testing::internal::UnitTestImpl::RunAllTests() (in /home/jminces/Algo 2/algoritmos2/herramientas/algobot/algobot/2022-c1/repos/450_21/g4/taller/correcciones/2022-06-07/test)
==5296==    by 0x14834E: bool testing::internal::HandleSehExceptionsInMethodIfSupported<testing::internal::UnitTestImpl, bool>(testing::internal::UnitTestImpl*, bool (testing::internal::UnitTestImpl::*)(), char const*) (in /home/jminces/Algo 2/algoritmos2/herramientas/algobot/algobot/2022-c1/repos/450_21/g4/taller/correcciones/2022-06-07/test)
==5296==    by 0x141FEA: bool testing::internal::HandleExceptionsInMethodIfSupported<testing::internal::UnitTestImpl, bool>(testing::internal::UnitTestImpl*, bool (testing::internal::UnitTestImpl::*)(), char const*) (in /home/jminces/Algo 2/algoritmos2/herramientas/algobot/algobot/2022-c1/repos/450_21/g4/taller/correcciones/2022-06-07/test)
==5296==    by 0x12B69D: testing::UnitTest::Run() (in /home/jminces/Algo 2/algoritmos2/herramientas/algobot/algobot/2022-c1/repos/450_21/g4/taller/correcciones/2022-06-07/test)
==5296== 
==5296== 4 bytes in 1 blocks are definitely lost in loss record 21 of 63
==5296==    at 0x4C3217F: operator new(unsigned long) (in /usr/lib/valgrind/vgpreload_memcheck-amd64-linux.so)
==5296==    by 0x11A537: string_map<int>::insert(std::pair<std::__cxx11::basic_string<char, std::char_traits<char>, std::allocator<char> >, int> const&) (in /home/jminces/Algo 2/algoritmos2/herramientas/algobot/algobot/2022-c1/repos/450_21/g4/taller/correcciones/2022-06-07/test)
==5296==    by 0x111D87: string_map_test_count_Test::TestBody() (in /home/jminces/Algo 2/algoritmos2/herramientas/algobot/algobot/2022-c1/repos/450_21/g4/taller/correcciones/2022-06-07/test)
==5296==    by 0x1471A6: void testing::internal::HandleSehExceptionsInMethodIfSupported<testing::Test, void>(testing::Test*, void (testing::Test::*)(), char const*) (in /home/jminces/Algo 2/algoritmos2/herramientas/algobot/algobot/2022-c1/repos/450_21/g4/taller/correcciones/2022-06-07/test)
==5296==    by 0x14121C: void testing::internal::HandleExceptionsInMethodIfSupported<testing::Test, void>(testing::Test*, void (testing::Test::*)(), char const*) (in /home/jminces/Algo 2/algoritmos2/herramientas/algobot/algobot/2022-c1/repos/450_21/g4/taller/correcciones/2022-06-07/test)
==5296==    by 0x124C4D: testing::Test::Run() (in /home/jminces/Algo 2/algoritmos2/herramientas/algobot/algobot/2022-c1/repos/450_21/g4/taller/correcciones/2022-06-07/test)
==5296==    by 0x125583: testing::TestInfo::Run() (in /home/jminces/Algo 2/algoritmos2/herramientas/algobot/algobot/2022-c1/repos/450_21/g4/taller/correcciones/2022-06-07/test)
==5296==    by 0x125C0D: testing::TestCase::Run() (in /home/jminces/Algo 2/algoritmos2/herramientas/algobot/algobot/2022-c1/repos/450_21/g4/taller/correcciones/2022-06-07/test)
==5296==    by 0x12CAD9: testing::internal::UnitTestImpl::RunAllTests() (in /home/jminces/Algo 2/algoritmos2/herramientas/algobot/algobot/2022-c1/repos/450_21/g4/taller/correcciones/2022-06-07/test)
==5296==    by 0x14834E: bool testing::internal::HandleSehExceptionsInMethodIfSupported<testing::internal::UnitTestImpl, bool>(testing::internal::UnitTestImpl*, bool (testing::internal::UnitTestImpl::*)(), char const*) (in /home/jminces/Algo 2/algoritmos2/herramientas/algobot/algobot/2022-c1/repos/450_21/g4/taller/correcciones/2022-06-07/test)
==5296==    by 0x141FEA: bool testing::internal::HandleExceptionsInMethodIfSupported<testing::internal::UnitTestImpl, bool>(testing::internal::UnitTestImpl*, bool (testing::internal::UnitTestImpl::*)(), char const*) (in /home/jminces/Algo 2/algoritmos2/herramientas/algobot/algobot/2022-c1/repos/450_21/g4/taller/correcciones/2022-06-07/test)
==5296==    by 0x12B69D: testing::UnitTest::Run() (in /home/jminces/Algo 2/algoritmos2/herramientas/algobot/algobot/2022-c1/repos/450_21/g4/taller/correcciones/2022-06-07/test)
==5296== 
==5296== 4 bytes in 1 blocks are definitely lost in loss record 22 of 63
==5296==    at 0x4C3217F: operator new(unsigned long) (in /usr/lib/valgrind/vgpreload_memcheck-amd64-linux.so)
==5296==    by 0x11A537: string_map<int>::insert(std::pair<std::__cxx11::basic_string<char, std::char_traits<char>, std::allocator<char> >, int> const&) (in /home/jminces/Algo 2/algoritmos2/herramientas/algobot/algobot/2022-c1/repos/450_21/g4/taller/correcciones/2022-06-07/test)
==5296==    by 0x111DE1: string_map_test_count_Test::TestBody() (in /home/jminces/Algo 2/algoritmos2/herramientas/algobot/algobot/2022-c1/repos/450_21/g4/taller/correcciones/2022-06-07/test)
==5296==    by 0x1471A6: void testing::internal::HandleSehExceptionsInMethodIfSupported<testing::Test, void>(testing::Test*, void (testing::Test::*)(), char const*) (in /home/jminces/Algo 2/algoritmos2/herramientas/algobot/algobot/2022-c1/repos/450_21/g4/taller/correcciones/2022-06-07/test)
==5296==    by 0x14121C: void testing::internal::HandleExceptionsInMethodIfSupported<testing::Test, void>(testing::Test*, void (testing::Test::*)(), char const*) (in /home/jminces/Algo 2/algoritmos2/herramientas/algobot/algobot/2022-c1/repos/450_21/g4/taller/correcciones/2022-06-07/test)
==5296==    by 0x124C4D: testing::Test::Run() (in /home/jminces/Algo 2/algoritmos2/herramientas/algobot/algobot/2022-c1/repos/450_21/g4/taller/correcciones/2022-06-07/test)
==5296==    by 0x125583: testing::TestInfo::Run() (in /home/jminces/Algo 2/algoritmos2/herramientas/algobot/algobot/2022-c1/repos/450_21/g4/taller/correcciones/2022-06-07/test)
==5296==    by 0x125C0D: testing::TestCase::Run() (in /home/jminces/Algo 2/algoritmos2/herramientas/algobot/algobot/2022-c1/repos/450_21/g4/taller/correcciones/2022-06-07/test)
==5296==    by 0x12CAD9: testing::internal::UnitTestImpl::RunAllTests() (in /home/jminces/Algo 2/algoritmos2/herramientas/algobot/algobot/2022-c1/repos/450_21/g4/taller/correcciones/2022-06-07/test)
==5296==    by 0x14834E: bool testing::internal::HandleSehExceptionsInMethodIfSupported<testing::internal::UnitTestImpl, bool>(testing::internal::UnitTestImpl*, bool (testing::internal::UnitTestImpl::*)(), char const*) (in /home/jminces/Algo 2/algoritmos2/herramientas/algobot/algobot/2022-c1/repos/450_21/g4/taller/correcciones/2022-06-07/test)
==5296==    by 0x141FEA: bool testing::internal::HandleExceptionsInMethodIfSupported<testing::internal::UnitTestImpl, bool>(testing::internal::UnitTestImpl*, bool (testing::internal::UnitTestImpl::*)(), char const*) (in /home/jminces/Algo 2/algoritmos2/herramientas/algobot/algobot/2022-c1/repos/450_21/g4/taller/correcciones/2022-06-07/test)
==5296==    by 0x12B69D: testing::UnitTest::Run() (in /home/jminces/Algo 2/algoritmos2/herramientas/algobot/algobot/2022-c1/repos/450_21/g4/taller/correcciones/2022-06-07/test)
==5296== 
==5296== 4 bytes in 1 blocks are definitely lost in loss record 23 of 63
==5296==    at 0x4C3217F: operator new(unsigned long) (in /usr/lib/valgrind/vgpreload_memcheck-amd64-linux.so)
==5296==    by 0x11A537: string_map<int>::insert(std::pair<std::__cxx11::basic_string<char, std::char_traits<char>, std::allocator<char> >, int> const&) (in /home/jminces/Algo 2/algoritmos2/herramientas/algobot/algobot/2022-c1/repos/450_21/g4/taller/correcciones/2022-06-07/test)
==5296==    by 0x111E3B: string_map_test_count_Test::TestBody() (in /home/jminces/Algo 2/algoritmos2/herramientas/algobot/algobot/2022-c1/repos/450_21/g4/taller/correcciones/2022-06-07/test)
==5296==    by 0x1471A6: void testing::internal::HandleSehExceptionsInMethodIfSupported<testing::Test, void>(testing::Test*, void (testing::Test::*)(), char const*) (in /home/jminces/Algo 2/algoritmos2/herramientas/algobot/algobot/2022-c1/repos/450_21/g4/taller/correcciones/2022-06-07/test)
==5296==    by 0x14121C: void testing::internal::HandleExceptionsInMethodIfSupported<testing::Test, void>(testing::Test*, void (testing::Test::*)(), char const*) (in /home/jminces/Algo 2/algoritmos2/herramientas/algobot/algobot/2022-c1/repos/450_21/g4/taller/correcciones/2022-06-07/test)
==5296==    by 0x124C4D: testing::Test::Run() (in /home/jminces/Algo 2/algoritmos2/herramientas/algobot/algobot/2022-c1/repos/450_21/g4/taller/correcciones/2022-06-07/test)
==5296==    by 0x125583: testing::TestInfo::Run() (in /home/jminces/Algo 2/algoritmos2/herramientas/algobot/algobot/2022-c1/repos/450_21/g4/taller/correcciones/2022-06-07/test)
==5296==    by 0x125C0D: testing::TestCase::Run() (in /home/jminces/Algo 2/algoritmos2/herramientas/algobot/algobot/2022-c1/repos/450_21/g4/taller/correcciones/2022-06-07/test)
==5296==    by 0x12CAD9: testing::internal::UnitTestImpl::RunAllTests() (in /home/jminces/Algo 2/algoritmos2/herramientas/algobot/algobot/2022-c1/repos/450_21/g4/taller/correcciones/2022-06-07/test)
==5296==    by 0x14834E: bool testing::internal::HandleSehExceptionsInMethodIfSupported<testing::internal::UnitTestImpl, bool>(testing::internal::UnitTestImpl*, bool (testing::internal::UnitTestImpl::*)(), char const*) (in /home/jminces/Algo 2/algoritmos2/herramientas/algobot/algobot/2022-c1/repos/450_21/g4/taller/correcciones/2022-06-07/test)
==5296==    by 0x141FEA: bool testing::internal::HandleExceptionsInMethodIfSupported<testing::internal::UnitTestImpl, bool>(testing::internal::UnitTestImpl*, bool (testing::internal::UnitTestImpl::*)(), char const*) (in /home/jminces/Algo 2/algoritmos2/herramientas/algobot/algobot/2022-c1/repos/450_21/g4/taller/correcciones/2022-06-07/test)
==5296==    by 0x12B69D: testing::UnitTest::Run() (in /home/jminces/Algo 2/algoritmos2/herramientas/algobot/algobot/2022-c1/repos/450_21/g4/taller/correcciones/2022-06-07/test)
==5296== 
==5296== 4 bytes in 1 blocks are definitely lost in loss record 24 of 63
==5296==    at 0x4C3217F: operator new(unsigned long) (in /usr/lib/valgrind/vgpreload_memcheck-amd64-linux.so)
==5296==    by 0x11A537: string_map<int>::insert(std::pair<std::__cxx11::basic_string<char, std::char_traits<char>, std::allocator<char> >, int> const&) (in /home/jminces/Algo 2/algoritmos2/herramientas/algobot/algobot/2022-c1/repos/450_21/g4/taller/correcciones/2022-06-07/test)
==5296==    by 0x1139C4: string_map_test_copiar_Test::TestBody() (in /home/jminces/Algo 2/algoritmos2/herramientas/algobot/algobot/2022-c1/repos/450_21/g4/taller/correcciones/2022-06-07/test)
==5296==    by 0x1471A6: void testing::internal::HandleSehExceptionsInMethodIfSupported<testing::Test, void>(testing::Test*, void (testing::Test::*)(), char const*) (in /home/jminces/Algo 2/algoritmos2/herramientas/algobot/algobot/2022-c1/repos/450_21/g4/taller/correcciones/2022-06-07/test)
==5296==    by 0x14121C: void testing::internal::HandleExceptionsInMethodIfSupported<testing::Test, void>(testing::Test*, void (testing::Test::*)(), char const*) (in /home/jminces/Algo 2/algoritmos2/herramientas/algobot/algobot/2022-c1/repos/450_21/g4/taller/correcciones/2022-06-07/test)
==5296==    by 0x124C4D: testing::Test::Run() (in /home/jminces/Algo 2/algoritmos2/herramientas/algobot/algobot/2022-c1/repos/450_21/g4/taller/correcciones/2022-06-07/test)
==5296==    by 0x125583: testing::TestInfo::Run() (in /home/jminces/Algo 2/algoritmos2/herramientas/algobot/algobot/2022-c1/repos/450_21/g4/taller/correcciones/2022-06-07/test)
==5296==    by 0x125C0D: testing::TestCase::Run() (in /home/jminces/Algo 2/algoritmos2/herramientas/algobot/algobot/2022-c1/repos/450_21/g4/taller/correcciones/2022-06-07/test)
==5296==    by 0x12CAD9: testing::internal::UnitTestImpl::RunAllTests() (in /home/jminces/Algo 2/algoritmos2/herramientas/algobot/algobot/2022-c1/repos/450_21/g4/taller/correcciones/2022-06-07/test)
==5296==    by 0x14834E: bool testing::internal::HandleSehExceptionsInMethodIfSupported<testing::internal::UnitTestImpl, bool>(testing::internal::UnitTestImpl*, bool (testing::internal::UnitTestImpl::*)(), char const*) (in /home/jminces/Algo 2/algoritmos2/herramientas/algobot/algobot/2022-c1/repos/450_21/g4/taller/correcciones/2022-06-07/test)
==5296==    by 0x141FEA: bool testing::internal::HandleExceptionsInMethodIfSupported<testing::internal::UnitTestImpl, bool>(testing::internal::UnitTestImpl*, bool (testing::internal::UnitTestImpl::*)(), char const*) (in /home/jminces/Algo 2/algoritmos2/herramientas/algobot/algobot/2022-c1/repos/450_21/g4/taller/correcciones/2022-06-07/test)
==5296==    by 0x12B69D: testing::UnitTest::Run() (in /home/jminces/Algo 2/algoritmos2/herramientas/algobot/algobot/2022-c1/repos/450_21/g4/taller/correcciones/2022-06-07/test)
==5296== 
==5296== 4 bytes in 1 blocks are definitely lost in loss record 25 of 63
==5296==    at 0x4C3217F: operator new(unsigned long) (in /usr/lib/valgrind/vgpreload_memcheck-amd64-linux.so)
==5296==    by 0x11A537: string_map<int>::insert(std::pair<std::__cxx11::basic_string<char, std::char_traits<char>, std::allocator<char> >, int> const&) (in /home/jminces/Algo 2/algoritmos2/herramientas/algobot/algobot/2022-c1/repos/450_21/g4/taller/correcciones/2022-06-07/test)
==5296==    by 0x113A1B: string_map_test_copiar_Test::TestBody() (in /home/jminces/Algo 2/algoritmos2/herramientas/algobot/algobot/2022-c1/repos/450_21/g4/taller/correcciones/2022-06-07/test)
==5296==    by 0x1471A6: void testing::internal::HandleSehExceptionsInMethodIfSupported<testing::Test, void>(testing::Test*, void (testing::Test::*)(), char const*) (in /home/jminces/Algo 2/algoritmos2/herramientas/algobot/algobot/2022-c1/repos/450_21/g4/taller/correcciones/2022-06-07/test)
==5296==    by 0x14121C: void testing::internal::HandleExceptionsInMethodIfSupported<testing::Test, void>(testing::Test*, void (testing::Test::*)(), char const*) (in /home/jminces/Algo 2/algoritmos2/herramientas/algobot/algobot/2022-c1/repos/450_21/g4/taller/correcciones/2022-06-07/test)
==5296==    by 0x124C4D: testing::Test::Run() (in /home/jminces/Algo 2/algoritmos2/herramientas/algobot/algobot/2022-c1/repos/450_21/g4/taller/correcciones/2022-06-07/test)
==5296==    by 0x125583: testing::TestInfo::Run() (in /home/jminces/Algo 2/algoritmos2/herramientas/algobot/algobot/2022-c1/repos/450_21/g4/taller/correcciones/2022-06-07/test)
==5296==    by 0x125C0D: testing::TestCase::Run() (in /home/jminces/Algo 2/algoritmos2/herramientas/algobot/algobot/2022-c1/repos/450_21/g4/taller/correcciones/2022-06-07/test)
==5296==    by 0x12CAD9: testing::internal::UnitTestImpl::RunAllTests() (in /home/jminces/Algo 2/algoritmos2/herramientas/algobot/algobot/2022-c1/repos/450_21/g4/taller/correcciones/2022-06-07/test)
==5296==    by 0x14834E: bool testing::internal::HandleSehExceptionsInMethodIfSupported<testing::internal::UnitTestImpl, bool>(testing::internal::UnitTestImpl*, bool (testing::internal::UnitTestImpl::*)(), char const*) (in /home/jminces/Algo 2/algoritmos2/herramientas/algobot/algobot/2022-c1/repos/450_21/g4/taller/correcciones/2022-06-07/test)
==5296==    by 0x141FEA: bool testing::internal::HandleExceptionsInMethodIfSupported<testing::internal::UnitTestImpl, bool>(testing::internal::UnitTestImpl*, bool (testing::internal::UnitTestImpl::*)(), char const*) (in /home/jminces/Algo 2/algoritmos2/herramientas/algobot/algobot/2022-c1/repos/450_21/g4/taller/correcciones/2022-06-07/test)
==5296==    by 0x12B69D: testing::UnitTest::Run() (in /home/jminces/Algo 2/algoritmos2/herramientas/algobot/algobot/2022-c1/repos/450_21/g4/taller/correcciones/2022-06-07/test)
==5296== 
==5296== 4 bytes in 1 blocks are definitely lost in loss record 26 of 63
==5296==    at 0x4C3217F: operator new(unsigned long) (in /usr/lib/valgrind/vgpreload_memcheck-amd64-linux.so)
==5296==    by 0x11A537: string_map<int>::insert(std::pair<std::__cxx11::basic_string<char, std::char_traits<char>, std::allocator<char> >, int> const&) (in /home/jminces/Algo 2/algoritmos2/herramientas/algobot/algobot/2022-c1/repos/450_21/g4/taller/correcciones/2022-06-07/test)
==5296==    by 0x113A72: string_map_test_copiar_Test::TestBody() (in /home/jminces/Algo 2/algoritmos2/herramientas/algobot/algobot/2022-c1/repos/450_21/g4/taller/correcciones/2022-06-07/test)
==5296==    by 0x1471A6: void testing::internal::HandleSehExceptionsInMethodIfSupported<testing::Test, void>(testing::Test*, void (testing::Test::*)(), char const*) (in /home/jminces/Algo 2/algoritmos2/herramientas/algobot/algobot/2022-c1/repos/450_21/g4/taller/correcciones/2022-06-07/test)
==5296==    by 0x14121C: void testing::internal::HandleExceptionsInMethodIfSupported<testing::Test, void>(testing::Test*, void (testing::Test::*)(), char const*) (in /home/jminces/Algo 2/algoritmos2/herramientas/algobot/algobot/2022-c1/repos/450_21/g4/taller/correcciones/2022-06-07/test)
==5296==    by 0x124C4D: testing::Test::Run() (in /home/jminces/Algo 2/algoritmos2/herramientas/algobot/algobot/2022-c1/repos/450_21/g4/taller/correcciones/2022-06-07/test)
==5296==    by 0x125583: testing::TestInfo::Run() (in /home/jminces/Algo 2/algoritmos2/herramientas/algobot/algobot/2022-c1/repos/450_21/g4/taller/correcciones/2022-06-07/test)
==5296==    by 0x125C0D: testing::TestCase::Run() (in /home/jminces/Algo 2/algoritmos2/herramientas/algobot/algobot/2022-c1/repos/450_21/g4/taller/correcciones/2022-06-07/test)
==5296==    by 0x12CAD9: testing::internal::UnitTestImpl::RunAllTests() (in /home/jminces/Algo 2/algoritmos2/herramientas/algobot/algobot/2022-c1/repos/450_21/g4/taller/correcciones/2022-06-07/test)
==5296==    by 0x14834E: bool testing::internal::HandleSehExceptionsInMethodIfSupported<testing::internal::UnitTestImpl, bool>(testing::internal::UnitTestImpl*, bool (testing::internal::UnitTestImpl::*)(), char const*) (in /home/jminces/Algo 2/algoritmos2/herramientas/algobot/algobot/2022-c1/repos/450_21/g4/taller/correcciones/2022-06-07/test)
==5296==    by 0x141FEA: bool testing::internal::HandleExceptionsInMethodIfSupported<testing::internal::UnitTestImpl, bool>(testing::internal::UnitTestImpl*, bool (testing::internal::UnitTestImpl::*)(), char const*) (in /home/jminces/Algo 2/algoritmos2/herramientas/algobot/algobot/2022-c1/repos/450_21/g4/taller/correcciones/2022-06-07/test)
==5296==    by 0x12B69D: testing::UnitTest::Run() (in /home/jminces/Algo 2/algoritmos2/herramientas/algobot/algobot/2022-c1/repos/450_21/g4/taller/correcciones/2022-06-07/test)
==5296== 
==5296== 4 bytes in 1 blocks are definitely lost in loss record 27 of 63
==5296==    at 0x4C3217F: operator new(unsigned long) (in /usr/lib/valgrind/vgpreload_memcheck-amd64-linux.so)
==5296==    by 0x11A537: string_map<int>::insert(std::pair<std::__cxx11::basic_string<char, std::char_traits<char>, std::allocator<char> >, int> const&) (in /home/jminces/Algo 2/algoritmos2/herramientas/algobot/algobot/2022-c1/repos/450_21/g4/taller/correcciones/2022-06-07/test)
==5296==    by 0x113AC9: string_map_test_copiar_Test::TestBody() (in /home/jminces/Algo 2/algoritmos2/herramientas/algobot/algobot/2022-c1/repos/450_21/g4/taller/correcciones/2022-06-07/test)
==5296==    by 0x1471A6: void testing::internal::HandleSehExceptionsInMethodIfSupported<testing::Test, void>(testing::Test*, void (testing::Test::*)(), char const*) (in /home/jminces/Algo 2/algoritmos2/herramientas/algobot/algobot/2022-c1/repos/450_21/g4/taller/correcciones/2022-06-07/test)
==5296==    by 0x14121C: void testing::internal::HandleExceptionsInMethodIfSupported<testing::Test, void>(testing::Test*, void (testing::Test::*)(), char const*) (in /home/jminces/Algo 2/algoritmos2/herramientas/algobot/algobot/2022-c1/repos/450_21/g4/taller/correcciones/2022-06-07/test)
==5296==    by 0x124C4D: testing::Test::Run() (in /home/jminces/Algo 2/algoritmos2/herramientas/algobot/algobot/2022-c1/repos/450_21/g4/taller/correcciones/2022-06-07/test)
==5296==    by 0x125583: testing::TestInfo::Run() (in /home/jminces/Algo 2/algoritmos2/herramientas/algobot/algobot/2022-c1/repos/450_21/g4/taller/correcciones/2022-06-07/test)
==5296==    by 0x125C0D: testing::TestCase::Run() (in /home/jminces/Algo 2/algoritmos2/herramientas/algobot/algobot/2022-c1/repos/450_21/g4/taller/correcciones/2022-06-07/test)
==5296==    by 0x12CAD9: testing::internal::UnitTestImpl::RunAllTests() (in /home/jminces/Algo 2/algoritmos2/herramientas/algobot/algobot/2022-c1/repos/450_21/g4/taller/correcciones/2022-06-07/test)
==5296==    by 0x14834E: bool testing::internal::HandleSehExceptionsInMethodIfSupported<testing::internal::UnitTestImpl, bool>(testing::internal::UnitTestImpl*, bool (testing::internal::UnitTestImpl::*)(), char const*) (in /home/jminces/Algo 2/algoritmos2/herramientas/algobot/algobot/2022-c1/repos/450_21/g4/taller/correcciones/2022-06-07/test)
==5296==    by 0x141FEA: bool testing::internal::HandleExceptionsInMethodIfSupported<testing::internal::UnitTestImpl, bool>(testing::internal::UnitTestImpl*, bool (testing::internal::UnitTestImpl::*)(), char const*) (in /home/jminces/Algo 2/algoritmos2/herramientas/algobot/algobot/2022-c1/repos/450_21/g4/taller/correcciones/2022-06-07/test)
==5296==    by 0x12B69D: testing::UnitTest::Run() (in /home/jminces/Algo 2/algoritmos2/herramientas/algobot/algobot/2022-c1/repos/450_21/g4/taller/correcciones/2022-06-07/test)
==5296== 
==5296== 4 bytes in 1 blocks are definitely lost in loss record 28 of 63
==5296==    at 0x4C3217F: operator new(unsigned long) (in /usr/lib/valgrind/vgpreload_memcheck-amd64-linux.so)
==5296==    by 0x11A537: string_map<int>::insert(std::pair<std::__cxx11::basic_string<char, std::char_traits<char>, std::allocator<char> >, int> const&) (in /home/jminces/Algo 2/algoritmos2/herramientas/algobot/algobot/2022-c1/repos/450_21/g4/taller/correcciones/2022-06-07/test)
==5296==    by 0x113B20: string_map_test_copiar_Test::TestBody() (in /home/jminces/Algo 2/algoritmos2/herramientas/algobot/algobot/2022-c1/repos/450_21/g4/taller/correcciones/2022-06-07/test)
==5296==    by 0x1471A6: void testing::internal::HandleSehExceptionsInMethodIfSupported<testing::Test, void>(testing::Test*, void (testing::Test::*)(), char const*) (in /home/jminces/Algo 2/algoritmos2/herramientas/algobot/algobot/2022-c1/repos/450_21/g4/taller/correcciones/2022-06-07/test)
==5296==    by 0x14121C: void testing::internal::HandleExceptionsInMethodIfSupported<testing::Test, void>(testing::Test*, void (testing::Test::*)(), char const*) (in /home/jminces/Algo 2/algoritmos2/herramientas/algobot/algobot/2022-c1/repos/450_21/g4/taller/correcciones/2022-06-07/test)
==5296==    by 0x124C4D: testing::Test::Run() (in /home/jminces/Algo 2/algoritmos2/herramientas/algobot/algobot/2022-c1/repos/450_21/g4/taller/correcciones/2022-06-07/test)
==5296==    by 0x125583: testing::TestInfo::Run() (in /home/jminces/Algo 2/algoritmos2/herramientas/algobot/algobot/2022-c1/repos/450_21/g4/taller/correcciones/2022-06-07/test)
==5296==    by 0x125C0D: testing::TestCase::Run() (in /home/jminces/Algo 2/algoritmos2/herramientas/algobot/algobot/2022-c1/repos/450_21/g4/taller/correcciones/2022-06-07/test)
==5296==    by 0x12CAD9: testing::internal::UnitTestImpl::RunAllTests() (in /home/jminces/Algo 2/algoritmos2/herramientas/algobot/algobot/2022-c1/repos/450_21/g4/taller/correcciones/2022-06-07/test)
==5296==    by 0x14834E: bool testing::internal::HandleSehExceptionsInMethodIfSupported<testing::internal::UnitTestImpl, bool>(testing::internal::UnitTestImpl*, bool (testing::internal::UnitTestImpl::*)(), char const*) (in /home/jminces/Algo 2/algoritmos2/herramientas/algobot/algobot/2022-c1/repos/450_21/g4/taller/correcciones/2022-06-07/test)
==5296==    by 0x141FEA: bool testing::internal::HandleExceptionsInMethodIfSupported<testing::internal::UnitTestImpl, bool>(testing::internal::UnitTestImpl*, bool (testing::internal::UnitTestImpl::*)(), char const*) (in /home/jminces/Algo 2/algoritmos2/herramientas/algobot/algobot/2022-c1/repos/450_21/g4/taller/correcciones/2022-06-07/test)
==5296==    by 0x12B69D: testing::UnitTest::Run() (in /home/jminces/Algo 2/algoritmos2/herramientas/algobot/algobot/2022-c1/repos/450_21/g4/taller/correcciones/2022-06-07/test)
==5296== 
==5296== 4 bytes in 1 blocks are definitely lost in loss record 29 of 63
==5296==    at 0x4C3217F: operator new(unsigned long) (in /usr/lib/valgrind/vgpreload_memcheck-amd64-linux.so)
==5296==    by 0x11A537: string_map<int>::insert(std::pair<std::__cxx11::basic_string<char, std::char_traits<char>, std::allocator<char> >, int> const&) (in /home/jminces/Algo 2/algoritmos2/herramientas/algobot/algobot/2022-c1/repos/450_21/g4/taller/correcciones/2022-06-07/test)
==5296==    by 0x113B77: string_map_test_copiar_Test::TestBody() (in /home/jminces/Algo 2/algoritmos2/herramientas/algobot/algobot/2022-c1/repos/450_21/g4/taller/correcciones/2022-06-07/test)
==5296==    by 0x1471A6: void testing::internal::HandleSehExceptionsInMethodIfSupported<testing::Test, void>(testing::Test*, void (testing::Test::*)(), char const*) (in /home/jminces/Algo 2/algoritmos2/herramientas/algobot/algobot/2022-c1/repos/450_21/g4/taller/correcciones/2022-06-07/test)
==5296==    by 0x14121C: void testing::internal::HandleExceptionsInMethodIfSupported<testing::Test, void>(testing::Test*, void (testing::Test::*)(), char const*) (in /home/jminces/Algo 2/algoritmos2/herramientas/algobot/algobot/2022-c1/repos/450_21/g4/taller/correcciones/2022-06-07/test)
==5296==    by 0x124C4D: testing::Test::Run() (in /home/jminces/Algo 2/algoritmos2/herramientas/algobot/algobot/2022-c1/repos/450_21/g4/taller/correcciones/2022-06-07/test)
==5296==    by 0x125583: testing::TestInfo::Run() (in /home/jminces/Algo 2/algoritmos2/herramientas/algobot/algobot/2022-c1/repos/450_21/g4/taller/correcciones/2022-06-07/test)
==5296==    by 0x125C0D: testing::TestCase::Run() (in /home/jminces/Algo 2/algoritmos2/herramientas/algobot/algobot/2022-c1/repos/450_21/g4/taller/correcciones/2022-06-07/test)
==5296==    by 0x12CAD9: testing::internal::UnitTestImpl::RunAllTests() (in /home/jminces/Algo 2/algoritmos2/herramientas/algobot/algobot/2022-c1/repos/450_21/g4/taller/correcciones/2022-06-07/test)
==5296==    by 0x14834E: bool testing::internal::HandleSehExceptionsInMethodIfSupported<testing::internal::UnitTestImpl, bool>(testing::internal::UnitTestImpl*, bool (testing::internal::UnitTestImpl::*)(), char const*) (in /home/jminces/Algo 2/algoritmos2/herramientas/algobot/algobot/2022-c1/repos/450_21/g4/taller/correcciones/2022-06-07/test)
==5296==    by 0x141FEA: bool testing::internal::HandleExceptionsInMethodIfSupported<testing::internal::UnitTestImpl, bool>(testing::internal::UnitTestImpl*, bool (testing::internal::UnitTestImpl::*)(), char const*) (in /home/jminces/Algo 2/algoritmos2/herramientas/algobot/algobot/2022-c1/repos/450_21/g4/taller/correcciones/2022-06-07/test)
==5296==    by 0x12B69D: testing::UnitTest::Run() (in /home/jminces/Algo 2/algoritmos2/herramientas/algobot/algobot/2022-c1/repos/450_21/g4/taller/correcciones/2022-06-07/test)
==5296== 
==5296== 4 bytes in 1 blocks are definitely lost in loss record 30 of 63
==5296==    at 0x4C3217F: operator new(unsigned long) (in /usr/lib/valgrind/vgpreload_memcheck-amd64-linux.so)
==5296==    by 0x11A537: string_map<int>::insert(std::pair<std::__cxx11::basic_string<char, std::char_traits<char>, std::allocator<char> >, int> const&) (in /home/jminces/Algo 2/algoritmos2/herramientas/algobot/algobot/2022-c1/repos/450_21/g4/taller/correcciones/2022-06-07/test)
==5296==    by 0x115BC9: string_map_test_no_aliasing_Test::TestBody() (in /home/jminces/Algo 2/algoritmos2/herramientas/algobot/algobot/2022-c1/repos/450_21/g4/taller/correcciones/2022-06-07/test)
==5296==    by 0x1471A6: void testing::internal::HandleSehExceptionsInMethodIfSupported<testing::Test, void>(testing::Test*, void (testing::Test::*)(), char const*) (in /home/jminces/Algo 2/algoritmos2/herramientas/algobot/algobot/2022-c1/repos/450_21/g4/taller/correcciones/2022-06-07/test)
==5296==    by 0x14121C: void testing::internal::HandleExceptionsInMethodIfSupported<testing::Test, void>(testing::Test*, void (testing::Test::*)(), char const*) (in /home/jminces/Algo 2/algoritmos2/herramientas/algobot/algobot/2022-c1/repos/450_21/g4/taller/correcciones/2022-06-07/test)
==5296==    by 0x124C4D: testing::Test::Run() (in /home/jminces/Algo 2/algoritmos2/herramientas/algobot/algobot/2022-c1/repos/450_21/g4/taller/correcciones/2022-06-07/test)
==5296==    by 0x125583: testing::TestInfo::Run() (in /home/jminces/Algo 2/algoritmos2/herramientas/algobot/algobot/2022-c1/repos/450_21/g4/taller/correcciones/2022-06-07/test)
==5296==    by 0x125C0D: testing::TestCase::Run() (in /home/jminces/Algo 2/algoritmos2/herramientas/algobot/algobot/2022-c1/repos/450_21/g4/taller/correcciones/2022-06-07/test)
==5296==    by 0x12CAD9: testing::internal::UnitTestImpl::RunAllTests() (in /home/jminces/Algo 2/algoritmos2/herramientas/algobot/algobot/2022-c1/repos/450_21/g4/taller/correcciones/2022-06-07/test)
==5296==    by 0x14834E: bool testing::internal::HandleSehExceptionsInMethodIfSupported<testing::internal::UnitTestImpl, bool>(testing::internal::UnitTestImpl*, bool (testing::internal::UnitTestImpl::*)(), char const*) (in /home/jminces/Algo 2/algoritmos2/herramientas/algobot/algobot/2022-c1/repos/450_21/g4/taller/correcciones/2022-06-07/test)
==5296==    by 0x141FEA: bool testing::internal::HandleExceptionsInMethodIfSupported<testing::internal::UnitTestImpl, bool>(testing::internal::UnitTestImpl*, bool (testing::internal::UnitTestImpl::*)(), char const*) (in /home/jminces/Algo 2/algoritmos2/herramientas/algobot/algobot/2022-c1/repos/450_21/g4/taller/correcciones/2022-06-07/test)
==5296==    by 0x12B69D: testing::UnitTest::Run() (in /home/jminces/Algo 2/algoritmos2/herramientas/algobot/algobot/2022-c1/repos/450_21/g4/taller/correcciones/2022-06-07/test)
==5296== 
==5296== 4 bytes in 1 blocks are definitely lost in loss record 31 of 63
==5296==    at 0x4C3217F: operator new(unsigned long) (in /usr/lib/valgrind/vgpreload_memcheck-amd64-linux.so)
==5296==    by 0x11A537: string_map<int>::insert(std::pair<std::__cxx11::basic_string<char, std::char_traits<char>, std::allocator<char> >, int> const&) (in /home/jminces/Algo 2/algoritmos2/herramientas/algobot/algobot/2022-c1/repos/450_21/g4/taller/correcciones/2022-06-07/test)
==5296==    by 0x115C30: string_map_test_no_aliasing_Test::TestBody() (in /home/jminces/Algo 2/algoritmos2/herramientas/algobot/algobot/2022-c1/repos/450_21/g4/taller/correcciones/2022-06-07/test)
==5296==    by 0x1471A6: void testing::internal::HandleSehExceptionsInMethodIfSupported<testing::Test, void>(testing::Test*, void (testing::Test::*)(), char const*) (in /home/jminces/Algo 2/algoritmos2/herramientas/algobot/algobot/2022-c1/repos/450_21/g4/taller/correcciones/2022-06-07/test)
==5296==    by 0x14121C: void testing::internal::HandleExceptionsInMethodIfSupported<testing::Test, void>(testing::Test*, void (testing::Test::*)(), char const*) (in /home/jminces/Algo 2/algoritmos2/herramientas/algobot/algobot/2022-c1/repos/450_21/g4/taller/correcciones/2022-06-07/test)
==5296==    by 0x124C4D: testing::Test::Run() (in /home/jminces/Algo 2/algoritmos2/herramientas/algobot/algobot/2022-c1/repos/450_21/g4/taller/correcciones/2022-06-07/test)
==5296==    by 0x125583: testing::TestInfo::Run() (in /home/jminces/Algo 2/algoritmos2/herramientas/algobot/algobot/2022-c1/repos/450_21/g4/taller/correcciones/2022-06-07/test)
==5296==    by 0x125C0D: testing::TestCase::Run() (in /home/jminces/Algo 2/algoritmos2/herramientas/algobot/algobot/2022-c1/repos/450_21/g4/taller/correcciones/2022-06-07/test)
==5296==    by 0x12CAD9: testing::internal::UnitTestImpl::RunAllTests() (in /home/jminces/Algo 2/algoritmos2/herramientas/algobot/algobot/2022-c1/repos/450_21/g4/taller/correcciones/2022-06-07/test)
==5296==    by 0x14834E: bool testing::internal::HandleSehExceptionsInMethodIfSupported<testing::internal::UnitTestImpl, bool>(testing::internal::UnitTestImpl*, bool (testing::internal::UnitTestImpl::*)(), char const*) (in /home/jminces/Algo 2/algoritmos2/herramientas/algobot/algobot/2022-c1/repos/450_21/g4/taller/correcciones/2022-06-07/test)
==5296==    by 0x141FEA: bool testing::internal::HandleExceptionsInMethodIfSupported<testing::internal::UnitTestImpl, bool>(testing::internal::UnitTestImpl*, bool (testing::internal::UnitTestImpl::*)(), char const*) (in /home/jminces/Algo 2/algoritmos2/herramientas/algobot/algobot/2022-c1/repos/450_21/g4/taller/correcciones/2022-06-07/test)
==5296==    by 0x12B69D: testing::UnitTest::Run() (in /home/jminces/Algo 2/algoritmos2/herramientas/algobot/algobot/2022-c1/repos/450_21/g4/taller/correcciones/2022-06-07/test)
==5296== 
==5296== 4 bytes in 1 blocks are definitely lost in loss record 32 of 63
==5296==    at 0x4C3217F: operator new(unsigned long) (in /usr/lib/valgrind/vgpreload_memcheck-amd64-linux.so)
==5296==    by 0x11A537: string_map<int>::insert(std::pair<std::__cxx11::basic_string<char, std::char_traits<char>, std::allocator<char> >, int> const&) (in /home/jminces/Algo 2/algoritmos2/herramientas/algobot/algobot/2022-c1/repos/450_21/g4/taller/correcciones/2022-06-07/test)
==5296==    by 0x117631: string_map_test_eraseUnicaClave_Test::TestBody() (in /home/jminces/Algo 2/algoritmos2/herramientas/algobot/algobot/2022-c1/repos/450_21/g4/taller/correcciones/2022-06-07/test)
==5296==    by 0x1471A6: void testing::internal::HandleSehExceptionsInMethodIfSupported<testing::Test, void>(testing::Test*, void (testing::Test::*)(), char const*) (in /home/jminces/Algo 2/algoritmos2/herramientas/algobot/algobot/2022-c1/repos/450_21/g4/taller/correcciones/2022-06-07/test)
==5296==    by 0x14121C: void testing::internal::HandleExceptionsInMethodIfSupported<testing::Test, void>(testing::Test*, void (testing::Test::*)(), char const*) (in /home/jminces/Algo 2/algoritmos2/herramientas/algobot/algobot/2022-c1/repos/450_21/g4/taller/correcciones/2022-06-07/test)
==5296==    by 0x124C4D: testing::Test::Run() (in /home/jminces/Algo 2/algoritmos2/herramientas/algobot/algobot/2022-c1/repos/450_21/g4/taller/correcciones/2022-06-07/test)
==5296==    by 0x125583: testing::TestInfo::Run() (in /home/jminces/Algo 2/algoritmos2/herramientas/algobot/algobot/2022-c1/repos/450_21/g4/taller/correcciones/2022-06-07/test)
==5296==    by 0x125C0D: testing::TestCase::Run() (in /home/jminces/Algo 2/algoritmos2/herramientas/algobot/algobot/2022-c1/repos/450_21/g4/taller/correcciones/2022-06-07/test)
==5296==    by 0x12CAD9: testing::internal::UnitTestImpl::RunAllTests() (in /home/jminces/Algo 2/algoritmos2/herramientas/algobot/algobot/2022-c1/repos/450_21/g4/taller/correcciones/2022-06-07/test)
==5296==    by 0x14834E: bool testing::internal::HandleSehExceptionsInMethodIfSupported<testing::internal::UnitTestImpl, bool>(testing::internal::UnitTestImpl*, bool (testing::internal::UnitTestImpl::*)(), char const*) (in /home/jminces/Algo 2/algoritmos2/herramientas/algobot/algobot/2022-c1/repos/450_21/g4/taller/correcciones/2022-06-07/test)
==5296==    by 0x141FEA: bool testing::internal::HandleExceptionsInMethodIfSupported<testing::internal::UnitTestImpl, bool>(testing::internal::UnitTestImpl*, bool (testing::internal::UnitTestImpl::*)(), char const*) (in /home/jminces/Algo 2/algoritmos2/herramientas/algobot/algobot/2022-c1/repos/450_21/g4/taller/correcciones/2022-06-07/test)
==5296==    by 0x12B69D: testing::UnitTest::Run() (in /home/jminces/Algo 2/algoritmos2/herramientas/algobot/algobot/2022-c1/repos/450_21/g4/taller/correcciones/2022-06-07/test)
==5296== 
==5296== 4 bytes in 1 blocks are definitely lost in loss record 33 of 63
==5296==    at 0x4C3217F: operator new(unsigned long) (in /usr/lib/valgrind/vgpreload_memcheck-amd64-linux.so)
==5296==    by 0x11A537: string_map<int>::insert(std::pair<std::__cxx11::basic_string<char, std::char_traits<char>, std::allocator<char> >, int> const&) (in /home/jminces/Algo 2/algoritmos2/herramientas/algobot/algobot/2022-c1/repos/450_21/g4/taller/correcciones/2022-06-07/test)
==5296==    by 0x117AAD: string_map_test_erase_Test::TestBody() (in /home/jminces/Algo 2/algoritmos2/herramientas/algobot/algobot/2022-c1/repos/450_21/g4/taller/correcciones/2022-06-07/test)
==5296==    by 0x1471A6: void testing::internal::HandleSehExceptionsInMethodIfSupported<testing::Test, void>(testing::Test*, void (testing::Test::*)(), char const*) (in /home/jminces/Algo 2/algoritmos2/herramientas/algobot/algobot/2022-c1/repos/450_21/g4/taller/correcciones/2022-06-07/test)
==5296==    by 0x14121C: void testing::internal::HandleExceptionsInMethodIfSupported<testing::Test, void>(testing::Test*, void (testing::Test::*)(), char const*) (in /home/jminces/Algo 2/algoritmos2/herramientas/algobot/algobot/2022-c1/repos/450_21/g4/taller/correcciones/2022-06-07/test)
==5296==    by 0x124C4D: testing::Test::Run() (in /home/jminces/Algo 2/algoritmos2/herramientas/algobot/algobot/2022-c1/repos/450_21/g4/taller/correcciones/2022-06-07/test)
==5296==    by 0x125583: testing::TestInfo::Run() (in /home/jminces/Algo 2/algoritmos2/herramientas/algobot/algobot/2022-c1/repos/450_21/g4/taller/correcciones/2022-06-07/test)
==5296==    by 0x125C0D: testing::TestCase::Run() (in /home/jminces/Algo 2/algoritmos2/herramientas/algobot/algobot/2022-c1/repos/450_21/g4/taller/correcciones/2022-06-07/test)
==5296==    by 0x12CAD9: testing::internal::UnitTestImpl::RunAllTests() (in /home/jminces/Algo 2/algoritmos2/herramientas/algobot/algobot/2022-c1/repos/450_21/g4/taller/correcciones/2022-06-07/test)
==5296==    by 0x14834E: bool testing::internal::HandleSehExceptionsInMethodIfSupported<testing::internal::UnitTestImpl, bool>(testing::internal::UnitTestImpl*, bool (testing::internal::UnitTestImpl::*)(), char const*) (in /home/jminces/Algo 2/algoritmos2/herramientas/algobot/algobot/2022-c1/repos/450_21/g4/taller/correcciones/2022-06-07/test)
==5296==    by 0x141FEA: bool testing::internal::HandleExceptionsInMethodIfSupported<testing::internal::UnitTestImpl, bool>(testing::internal::UnitTestImpl*, bool (testing::internal::UnitTestImpl::*)(), char const*) (in /home/jminces/Algo 2/algoritmos2/herramientas/algobot/algobot/2022-c1/repos/450_21/g4/taller/correcciones/2022-06-07/test)
==5296==    by 0x12B69D: testing::UnitTest::Run() (in /home/jminces/Algo 2/algoritmos2/herramientas/algobot/algobot/2022-c1/repos/450_21/g4/taller/correcciones/2022-06-07/test)
==5296== 
==5296== 4 bytes in 1 blocks are definitely lost in loss record 34 of 63
==5296==    at 0x4C3217F: operator new(unsigned long) (in /usr/lib/valgrind/vgpreload_memcheck-amd64-linux.so)
==5296==    by 0x11A537: string_map<int>::insert(std::pair<std::__cxx11::basic_string<char, std::char_traits<char>, std::allocator<char> >, int> const&) (in /home/jminces/Algo 2/algoritmos2/herramientas/algobot/algobot/2022-c1/repos/450_21/g4/taller/correcciones/2022-06-07/test)
==5296==    by 0x117B01: string_map_test_erase_Test::TestBody() (in /home/jminces/Algo 2/algoritmos2/herramientas/algobot/algobot/2022-c1/repos/450_21/g4/taller/correcciones/2022-06-07/test)
==5296==    by 0x1471A6: void testing::internal::HandleSehExceptionsInMethodIfSupported<testing::Test, void>(testing::Test*, void (testing::Test::*)(), char const*) (in /home/jminces/Algo 2/algoritmos2/herramientas/algobot/algobot/2022-c1/repos/450_21/g4/taller/correcciones/2022-06-07/test)
==5296==    by 0x14121C: void testing::internal::HandleExceptionsInMethodIfSupported<testing::Test, void>(testing::Test*, void (testing::Test::*)(), char const*) (in /home/jminces/Algo 2/algoritmos2/herramientas/algobot/algobot/2022-c1/repos/450_21/g4/taller/correcciones/2022-06-07/test)
==5296==    by 0x124C4D: testing::Test::Run() (in /home/jminces/Algo 2/algoritmos2/herramientas/algobot/algobot/2022-c1/repos/450_21/g4/taller/correcciones/2022-06-07/test)
==5296==    by 0x125583: testing::TestInfo::Run() (in /home/jminces/Algo 2/algoritmos2/herramientas/algobot/algobot/2022-c1/repos/450_21/g4/taller/correcciones/2022-06-07/test)
==5296==    by 0x125C0D: testing::TestCase::Run() (in /home/jminces/Algo 2/algoritmos2/herramientas/algobot/algobot/2022-c1/repos/450_21/g4/taller/correcciones/2022-06-07/test)
==5296==    by 0x12CAD9: testing::internal::UnitTestImpl::RunAllTests() (in /home/jminces/Algo 2/algoritmos2/herramientas/algobot/algobot/2022-c1/repos/450_21/g4/taller/correcciones/2022-06-07/test)
==5296==    by 0x14834E: bool testing::internal::HandleSehExceptionsInMethodIfSupported<testing::internal::UnitTestImpl, bool>(testing::internal::UnitTestImpl*, bool (testing::internal::UnitTestImpl::*)(), char const*) (in /home/jminces/Algo 2/algoritmos2/herramientas/algobot/algobot/2022-c1/repos/450_21/g4/taller/correcciones/2022-06-07/test)
==5296==    by 0x141FEA: bool testing::internal::HandleExceptionsInMethodIfSupported<testing::internal::UnitTestImpl, bool>(testing::internal::UnitTestImpl*, bool (testing::internal::UnitTestImpl::*)(), char const*) (in /home/jminces/Algo 2/algoritmos2/herramientas/algobot/algobot/2022-c1/repos/450_21/g4/taller/correcciones/2022-06-07/test)
==5296==    by 0x12B69D: testing::UnitTest::Run() (in /home/jminces/Algo 2/algoritmos2/herramientas/algobot/algobot/2022-c1/repos/450_21/g4/taller/correcciones/2022-06-07/test)
==5296== 
==5296== 4 bytes in 1 blocks are definitely lost in loss record 35 of 63
==5296==    at 0x4C3217F: operator new(unsigned long) (in /usr/lib/valgrind/vgpreload_memcheck-amd64-linux.so)
==5296==    by 0x11A537: string_map<int>::insert(std::pair<std::__cxx11::basic_string<char, std::char_traits<char>, std::allocator<char> >, int> const&) (in /home/jminces/Algo 2/algoritmos2/herramientas/algobot/algobot/2022-c1/repos/450_21/g4/taller/correcciones/2022-06-07/test)
==5296==    by 0x117B55: string_map_test_erase_Test::TestBody() (in /home/jminces/Algo 2/algoritmos2/herramientas/algobot/algobot/2022-c1/repos/450_21/g4/taller/correcciones/2022-06-07/test)
==5296==    by 0x1471A6: void testing::internal::HandleSehExceptionsInMethodIfSupported<testing::Test, void>(testing::Test*, void (testing::Test::*)(), char const*) (in /home/jminces/Algo 2/algoritmos2/herramientas/algobot/algobot/2022-c1/repos/450_21/g4/taller/correcciones/2022-06-07/test)
==5296==    by 0x14121C: void testing::internal::HandleExceptionsInMethodIfSupported<testing::Test, void>(testing::Test*, void (testing::Test::*)(), char const*) (in /home/jminces/Algo 2/algoritmos2/herramientas/algobot/algobot/2022-c1/repos/450_21/g4/taller/correcciones/2022-06-07/test)
==5296==    by 0x124C4D: testing::Test::Run() (in /home/jminces/Algo 2/algoritmos2/herramientas/algobot/algobot/2022-c1/repos/450_21/g4/taller/correcciones/2022-06-07/test)
==5296==    by 0x125583: testing::TestInfo::Run() (in /home/jminces/Algo 2/algoritmos2/herramientas/algobot/algobot/2022-c1/repos/450_21/g4/taller/correcciones/2022-06-07/test)
==5296==    by 0x125C0D: testing::TestCase::Run() (in /home/jminces/Algo 2/algoritmos2/herramientas/algobot/algobot/2022-c1/repos/450_21/g4/taller/correcciones/2022-06-07/test)
==5296==    by 0x12CAD9: testing::internal::UnitTestImpl::RunAllTests() (in /home/jminces/Algo 2/algoritmos2/herramientas/algobot/algobot/2022-c1/repos/450_21/g4/taller/correcciones/2022-06-07/test)
==5296==    by 0x14834E: bool testing::internal::HandleSehExceptionsInMethodIfSupported<testing::internal::UnitTestImpl, bool>(testing::internal::UnitTestImpl*, bool (testing::internal::UnitTestImpl::*)(), char const*) (in /home/jminces/Algo 2/algoritmos2/herramientas/algobot/algobot/2022-c1/repos/450_21/g4/taller/correcciones/2022-06-07/test)
==5296==    by 0x141FEA: bool testing::internal::HandleExceptionsInMethodIfSupported<testing::internal::UnitTestImpl, bool>(testing::internal::UnitTestImpl*, bool (testing::internal::UnitTestImpl::*)(), char const*) (in /home/jminces/Algo 2/algoritmos2/herramientas/algobot/algobot/2022-c1/repos/450_21/g4/taller/correcciones/2022-06-07/test)
==5296==    by 0x12B69D: testing::UnitTest::Run() (in /home/jminces/Algo 2/algoritmos2/herramientas/algobot/algobot/2022-c1/repos/450_21/g4/taller/correcciones/2022-06-07/test)
==5296== 
==5296== 4 bytes in 1 blocks are definitely lost in loss record 36 of 63
==5296==    at 0x4C3217F: operator new(unsigned long) (in /usr/lib/valgrind/vgpreload_memcheck-amd64-linux.so)
==5296==    by 0x11A537: string_map<int>::insert(std::pair<std::__cxx11::basic_string<char, std::char_traits<char>, std::allocator<char> >, int> const&) (in /home/jminces/Algo 2/algoritmos2/herramientas/algobot/algobot/2022-c1/repos/450_21/g4/taller/correcciones/2022-06-07/test)
==5296==    by 0x117BFD: string_map_test_erase_Test::TestBody() (in /home/jminces/Algo 2/algoritmos2/herramientas/algobot/algobot/2022-c1/repos/450_21/g4/taller/correcciones/2022-06-07/test)
==5296==    by 0x1471A6: void testing::internal::HandleSehExceptionsInMethodIfSupported<testing::Test, void>(testing::Test*, void (testing::Test::*)(), char const*) (in /home/jminces/Algo 2/algoritmos2/herramientas/algobot/algobot/2022-c1/repos/450_21/g4/taller/correcciones/2022-06-07/test)
==5296==    by 0x14121C: void testing::internal::HandleExceptionsInMethodIfSupported<testing::Test, void>(testing::Test*, void (testing::Test::*)(), char const*) (in /home/jminces/Algo 2/algoritmos2/herramientas/algobot/algobot/2022-c1/repos/450_21/g4/taller/correcciones/2022-06-07/test)
==5296==    by 0x124C4D: testing::Test::Run() (in /home/jminces/Algo 2/algoritmos2/herramientas/algobot/algobot/2022-c1/repos/450_21/g4/taller/correcciones/2022-06-07/test)
==5296==    by 0x125583: testing::TestInfo::Run() (in /home/jminces/Algo 2/algoritmos2/herramientas/algobot/algobot/2022-c1/repos/450_21/g4/taller/correcciones/2022-06-07/test)
==5296==    by 0x125C0D: testing::TestCase::Run() (in /home/jminces/Algo 2/algoritmos2/herramientas/algobot/algobot/2022-c1/repos/450_21/g4/taller/correcciones/2022-06-07/test)
==5296==    by 0x12CAD9: testing::internal::UnitTestImpl::RunAllTests() (in /home/jminces/Algo 2/algoritmos2/herramientas/algobot/algobot/2022-c1/repos/450_21/g4/taller/correcciones/2022-06-07/test)
==5296==    by 0x14834E: bool testing::internal::HandleSehExceptionsInMethodIfSupported<testing::internal::UnitTestImpl, bool>(testing::internal::UnitTestImpl*, bool (testing::internal::UnitTestImpl::*)(), char const*) (in /home/jminces/Algo 2/algoritmos2/herramientas/algobot/algobot/2022-c1/repos/450_21/g4/taller/correcciones/2022-06-07/test)
==5296==    by 0x141FEA: bool testing::internal::HandleExceptionsInMethodIfSupported<testing::internal::UnitTestImpl, bool>(testing::internal::UnitTestImpl*, bool (testing::internal::UnitTestImpl::*)(), char const*) (in /home/jminces/Algo 2/algoritmos2/herramientas/algobot/algobot/2022-c1/repos/450_21/g4/taller/correcciones/2022-06-07/test)
==5296==    by 0x12B69D: testing::UnitTest::Run() (in /home/jminces/Algo 2/algoritmos2/herramientas/algobot/algobot/2022-c1/repos/450_21/g4/taller/correcciones/2022-06-07/test)
==5296== 
==5296== 4 bytes in 1 blocks are definitely lost in loss record 37 of 63
==5296==    at 0x4C3217F: operator new(unsigned long) (in /usr/lib/valgrind/vgpreload_memcheck-amd64-linux.so)
==5296==    by 0x11A537: string_map<int>::insert(std::pair<std::__cxx11::basic_string<char, std::char_traits<char>, std::allocator<char> >, int> const&) (in /home/jminces/Algo 2/algoritmos2/herramientas/algobot/algobot/2022-c1/repos/450_21/g4/taller/correcciones/2022-06-07/test)
==5296==    by 0x117C51: string_map_test_erase_Test::TestBody() (in /home/jminces/Algo 2/algoritmos2/herramientas/algobot/algobot/2022-c1/repos/450_21/g4/taller/correcciones/2022-06-07/test)
==5296==    by 0x1471A6: void testing::internal::HandleSehExceptionsInMethodIfSupported<testing::Test, void>(testing::Test*, void (testing::Test::*)(), char const*) (in /home/jminces/Algo 2/algoritmos2/herramientas/algobot/algobot/2022-c1/repos/450_21/g4/taller/correcciones/2022-06-07/test)
==5296==    by 0x14121C: void testing::internal::HandleExceptionsInMethodIfSupported<testing::Test, void>(testing::Test*, void (testing::Test::*)(), char const*) (in /home/jminces/Algo 2/algoritmos2/herramientas/algobot/algobot/2022-c1/repos/450_21/g4/taller/correcciones/2022-06-07/test)
==5296==    by 0x124C4D: testing::Test::Run() (in /home/jminces/Algo 2/algoritmos2/herramientas/algobot/algobot/2022-c1/repos/450_21/g4/taller/correcciones/2022-06-07/test)
==5296==    by 0x125583: testing::TestInfo::Run() (in /home/jminces/Algo 2/algoritmos2/herramientas/algobot/algobot/2022-c1/repos/450_21/g4/taller/correcciones/2022-06-07/test)
==5296==    by 0x125C0D: testing::TestCase::Run() (in /home/jminces/Algo 2/algoritmos2/herramientas/algobot/algobot/2022-c1/repos/450_21/g4/taller/correcciones/2022-06-07/test)
==5296==    by 0x12CAD9: testing::internal::UnitTestImpl::RunAllTests() (in /home/jminces/Algo 2/algoritmos2/herramientas/algobot/algobot/2022-c1/repos/450_21/g4/taller/correcciones/2022-06-07/test)
==5296==    by 0x14834E: bool testing::internal::HandleSehExceptionsInMethodIfSupported<testing::internal::UnitTestImpl, bool>(testing::internal::UnitTestImpl*, bool (testing::internal::UnitTestImpl::*)(), char const*) (in /home/jminces/Algo 2/algoritmos2/herramientas/algobot/algobot/2022-c1/repos/450_21/g4/taller/correcciones/2022-06-07/test)
==5296==    by 0x141FEA: bool testing::internal::HandleExceptionsInMethodIfSupported<testing::internal::UnitTestImpl, bool>(testing::internal::UnitTestImpl*, bool (testing::internal::UnitTestImpl::*)(), char const*) (in /home/jminces/Algo 2/algoritmos2/herramientas/algobot/algobot/2022-c1/repos/450_21/g4/taller/correcciones/2022-06-07/test)
==5296==    by 0x12B69D: testing::UnitTest::Run() (in /home/jminces/Algo 2/algoritmos2/herramientas/algobot/algobot/2022-c1/repos/450_21/g4/taller/correcciones/2022-06-07/test)
==5296== 
==5296== 16 bytes in 1 blocks are definitely lost in loss record 38 of 63
==5296==    at 0x4C3217F: operator new(unsigned long) (in /usr/lib/valgrind/vgpreload_memcheck-amd64-linux.so)
==5296==    by 0x11A9F0: string_map<string_map<int> >::insert(std::pair<std::__cxx11::basic_string<char, std::char_traits<char>, std::allocator<char> >, string_map<int> > const&) (in /home/jminces/Algo 2/algoritmos2/herramientas/algobot/algobot/2022-c1/repos/450_21/g4/taller/correcciones/2022-06-07/test)
==5296==    by 0x11620B: string_map_test_TrieDeTries_Test::TestBody() (in /home/jminces/Algo 2/algoritmos2/herramientas/algobot/algobot/2022-c1/repos/450_21/g4/taller/correcciones/2022-06-07/test)
==5296==    by 0x1471A6: void testing::internal::HandleSehExceptionsInMethodIfSupported<testing::Test, void>(testing::Test*, void (testing::Test::*)(), char const*) (in /home/jminces/Algo 2/algoritmos2/herramientas/algobot/algobot/2022-c1/repos/450_21/g4/taller/correcciones/2022-06-07/test)
==5296==    by 0x14121C: void testing::internal::HandleExceptionsInMethodIfSupported<testing::Test, void>(testing::Test*, void (testing::Test::*)(), char const*) (in /home/jminces/Algo 2/algoritmos2/herramientas/algobot/algobot/2022-c1/repos/450_21/g4/taller/correcciones/2022-06-07/test)
==5296==    by 0x124C4D: testing::Test::Run() (in /home/jminces/Algo 2/algoritmos2/herramientas/algobot/algobot/2022-c1/repos/450_21/g4/taller/correcciones/2022-06-07/test)
==5296==    by 0x125583: testing::TestInfo::Run() (in /home/jminces/Algo 2/algoritmos2/herramientas/algobot/algobot/2022-c1/repos/450_21/g4/taller/correcciones/2022-06-07/test)
==5296==    by 0x125C0D: testing::TestCase::Run() (in /home/jminces/Algo 2/algoritmos2/herramientas/algobot/algobot/2022-c1/repos/450_21/g4/taller/correcciones/2022-06-07/test)
==5296==    by 0x12CAD9: testing::internal::UnitTestImpl::RunAllTests() (in /home/jminces/Algo 2/algoritmos2/herramientas/algobot/algobot/2022-c1/repos/450_21/g4/taller/correcciones/2022-06-07/test)
==5296==    by 0x14834E: bool testing::internal::HandleSehExceptionsInMethodIfSupported<testing::internal::UnitTestImpl, bool>(testing::internal::UnitTestImpl*, bool (testing::internal::UnitTestImpl::*)(), char const*) (in /home/jminces/Algo 2/algoritmos2/herramientas/algobot/algobot/2022-c1/repos/450_21/g4/taller/correcciones/2022-06-07/test)
==5296==    by 0x141FEA: bool testing::internal::HandleExceptionsInMethodIfSupported<testing::internal::UnitTestImpl, bool>(testing::internal::UnitTestImpl*, bool (testing::internal::UnitTestImpl::*)(), char const*) (in /home/jminces/Algo 2/algoritmos2/herramientas/algobot/algobot/2022-c1/repos/450_21/g4/taller/correcciones/2022-06-07/test)
==5296==    by 0x12B69D: testing::UnitTest::Run() (in /home/jminces/Algo 2/algoritmos2/herramientas/algobot/algobot/2022-c1/repos/450_21/g4/taller/correcciones/2022-06-07/test)
==5296== 
==5296== 10,420 (16 direct, 10,404 indirect) bytes in 1 blocks are definitely lost in loss record 60 of 63
==5296==    at 0x4C3217F: operator new(unsigned long) (in /usr/lib/valgrind/vgpreload_memcheck-amd64-linux.so)
==5296==    by 0x11A9F0: string_map<string_map<int> >::insert(std::pair<std::__cxx11::basic_string<char, std::char_traits<char>, std::allocator<char> >, string_map<int> > const&) (in /home/jminces/Algo 2/algoritmos2/herramientas/algobot/algobot/2022-c1/repos/450_21/g4/taller/correcciones/2022-06-07/test)
==5296==    by 0x11626F: string_map_test_TrieDeTries_Test::TestBody() (in /home/jminces/Algo 2/algoritmos2/herramientas/algobot/algobot/2022-c1/repos/450_21/g4/taller/correcciones/2022-06-07/test)
==5296==    by 0x1471A6: void testing::internal::HandleSehExceptionsInMethodIfSupported<testing::Test, void>(testing::Test*, void (testing::Test::*)(), char const*) (in /home/jminces/Algo 2/algoritmos2/herramientas/algobot/algobot/2022-c1/repos/450_21/g4/taller/correcciones/2022-06-07/test)
==5296==    by 0x14121C: void testing::internal::HandleExceptionsInMethodIfSupported<testing::Test, void>(testing::Test*, void (testing::Test::*)(), char const*) (in /home/jminces/Algo 2/algoritmos2/herramientas/algobot/algobot/2022-c1/repos/450_21/g4/taller/correcciones/2022-06-07/test)
==5296==    by 0x124C4D: testing::Test::Run() (in /home/jminces/Algo 2/algoritmos2/herramientas/algobot/algobot/2022-c1/repos/450_21/g4/taller/correcciones/2022-06-07/test)
==5296==    by 0x125583: testing::TestInfo::Run() (in /home/jminces/Algo 2/algoritmos2/herramientas/algobot/algobot/2022-c1/repos/450_21/g4/taller/correcciones/2022-06-07/test)
==5296==    by 0x125C0D: testing::TestCase::Run() (in /home/jminces/Algo 2/algoritmos2/herramientas/algobot/algobot/2022-c1/repos/450_21/g4/taller/correcciones/2022-06-07/test)
==5296==    by 0x12CAD9: testing::internal::UnitTestImpl::RunAllTests() (in /home/jminces/Algo 2/algoritmos2/herramientas/algobot/algobot/2022-c1/repos/450_21/g4/taller/correcciones/2022-06-07/test)
==5296==    by 0x14834E: bool testing::internal::HandleSehExceptionsInMethodIfSupported<testing::internal::UnitTestImpl, bool>(testing::internal::UnitTestImpl*, bool (testing::internal::UnitTestImpl::*)(), char const*) (in /home/jminces/Algo 2/algoritmos2/herramientas/algobot/algobot/2022-c1/repos/450_21/g4/taller/correcciones/2022-06-07/test)
==5296==    by 0x141FEA: bool testing::internal::HandleExceptionsInMethodIfSupported<testing::internal::UnitTestImpl, bool>(testing::internal::UnitTestImpl*, bool (testing::internal::UnitTestImpl::*)(), char const*) (in /home/jminces/Algo 2/algoritmos2/herramientas/algobot/algobot/2022-c1/repos/450_21/g4/taller/correcciones/2022-06-07/test)
==5296==    by 0x12B69D: testing::UnitTest::Run() (in /home/jminces/Algo 2/algoritmos2/herramientas/algobot/algobot/2022-c1/repos/450_21/g4/taller/correcciones/2022-06-07/test)
==5296== 
==5296== 16,668 (16 direct, 16,652 indirect) bytes in 1 blocks are definitely lost in loss record 61 of 63
==5296==    at 0x4C3217F: operator new(unsigned long) (in /usr/lib/valgrind/vgpreload_memcheck-amd64-linux.so)
==5296==    by 0x11A9F0: string_map<string_map<int> >::insert(std::pair<std::__cxx11::basic_string<char, std::char_traits<char>, std::allocator<char> >, string_map<int> > const&) (in /home/jminces/Algo 2/algoritmos2/herramientas/algobot/algobot/2022-c1/repos/450_21/g4/taller/correcciones/2022-06-07/test)
==5296==    by 0x116337: string_map_test_TrieDeTries_Test::TestBody() (in /home/jminces/Algo 2/algoritmos2/herramientas/algobot/algobot/2022-c1/repos/450_21/g4/taller/correcciones/2022-06-07/test)
==5296==    by 0x1471A6: void testing::internal::HandleSehExceptionsInMethodIfSupported<testing::Test, void>(testing::Test*, void (testing::Test::*)(), char const*) (in /home/jminces/Algo 2/algoritmos2/herramientas/algobot/algobot/2022-c1/repos/450_21/g4/taller/correcciones/2022-06-07/test)
==5296==    by 0x14121C: void testing::internal::HandleExceptionsInMethodIfSupported<testing::Test, void>(testing::Test*, void (testing::Test::*)(), char const*) (in /home/jminces/Algo 2/algoritmos2/herramientas/algobot/algobot/2022-c1/repos/450_21/g4/taller/correcciones/2022-06-07/test)
==5296==    by 0x124C4D: testing::Test::Run() (in /home/jminces/Algo 2/algoritmos2/herramientas/algobot/algobot/2022-c1/repos/450_21/g4/taller/correcciones/2022-06-07/test)
==5296==    by 0x125583: testing::TestInfo::Run() (in /home/jminces/Algo 2/algoritmos2/herramientas/algobot/algobot/2022-c1/repos/450_21/g4/taller/correcciones/2022-06-07/test)
==5296==    by 0x125C0D: testing::TestCase::Run() (in /home/jminces/Algo 2/algoritmos2/herramientas/algobot/algobot/2022-c1/repos/450_21/g4/taller/correcciones/2022-06-07/test)
==5296==    by 0x12CAD9: testing::internal::UnitTestImpl::RunAllTests() (in /home/jminces/Algo 2/algoritmos2/herramientas/algobot/algobot/2022-c1/repos/450_21/g4/taller/correcciones/2022-06-07/test)
==5296==    by 0x14834E: bool testing::internal::HandleSehExceptionsInMethodIfSupported<testing::internal::UnitTestImpl, bool>(testing::internal::UnitTestImpl*, bool (testing::internal::UnitTestImpl::*)(), char const*) (in /home/jminces/Algo 2/algoritmos2/herramientas/algobot/algobot/2022-c1/repos/450_21/g4/taller/correcciones/2022-06-07/test)
==5296==    by 0x141FEA: bool testing::internal::HandleExceptionsInMethodIfSupported<testing::internal::UnitTestImpl, bool>(testing::internal::UnitTestImpl*, bool (testing::internal::UnitTestImpl::*)(), char const*) (in /home/jminces/Algo 2/algoritmos2/herramientas/algobot/algobot/2022-c1/repos/450_21/g4/taller/correcciones/2022-06-07/test)
==5296==    by 0x12B69D: testing::UnitTest::Run() (in /home/jminces/Algo 2/algoritmos2/herramientas/algobot/algobot/2022-c1/repos/450_21/g4/taller/correcciones/2022-06-07/test)
==5296== 
==5296== 29,148 (16 direct, 29,132 indirect) bytes in 1 blocks are definitely lost in loss record 63 of 63
==5296==    at 0x4C3217F: operator new(unsigned long) (in /usr/lib/valgrind/vgpreload_memcheck-amd64-linux.so)
==5296==    by 0x11A9F0: string_map<string_map<int> >::insert(std::pair<std::__cxx11::basic_string<char, std::char_traits<char>, std::allocator<char> >, string_map<int> > const&) (in /home/jminces/Algo 2/algoritmos2/herramientas/algobot/algobot/2022-c1/repos/450_21/g4/taller/correcciones/2022-06-07/test)
==5296==    by 0x1162D3: string_map_test_TrieDeTries_Test::TestBody() (in /home/jminces/Algo 2/algoritmos2/herramientas/algobot/algobot/2022-c1/repos/450_21/g4/taller/correcciones/2022-06-07/test)
==5296==    by 0x1471A6: void testing::internal::HandleSehExceptionsInMethodIfSupported<testing::Test, void>(testing::Test*, void (testing::Test::*)(), char const*) (in /home/jminces/Algo 2/algoritmos2/herramientas/algobot/algobot/2022-c1/repos/450_21/g4/taller/correcciones/2022-06-07/test)
==5296==    by 0x14121C: void testing::internal::HandleExceptionsInMethodIfSupported<testing::Test, void>(testing::Test*, void (testing::Test::*)(), char const*) (in /home/jminces/Algo 2/algoritmos2/herramientas/algobot/algobot/2022-c1/repos/450_21/g4/taller/correcciones/2022-06-07/test)
==5296==    by 0x124C4D: testing::Test::Run() (in /home/jminces/Algo 2/algoritmos2/herramientas/algobot/algobot/2022-c1/repos/450_21/g4/taller/correcciones/2022-06-07/test)
==5296==    by 0x125583: testing::TestInfo::Run() (in /home/jminces/Algo 2/algoritmos2/herramientas/algobot/algobot/2022-c1/repos/450_21/g4/taller/correcciones/2022-06-07/test)
==5296==    by 0x125C0D: testing::TestCase::Run() (in /home/jminces/Algo 2/algoritmos2/herramientas/algobot/algobot/2022-c1/repos/450_21/g4/taller/correcciones/2022-06-07/test)
==5296==    by 0x12CAD9: testing::internal::UnitTestImpl::RunAllTests() (in /home/jminces/Algo 2/algoritmos2/herramientas/algobot/algobot/2022-c1/repos/450_21/g4/taller/correcciones/2022-06-07/test)
==5296==    by 0x14834E: bool testing::internal::HandleSehExceptionsInMethodIfSupported<testing::internal::UnitTestImpl, bool>(testing::internal::UnitTestImpl*, bool (testing::internal::UnitTestImpl::*)(), char const*) (in /home/jminces/Algo 2/algoritmos2/herramientas/algobot/algobot/2022-c1/repos/450_21/g4/taller/correcciones/2022-06-07/test)
==5296==    by 0x141FEA: bool testing::internal::HandleExceptionsInMethodIfSupported<testing::internal::UnitTestImpl, bool>(testing::internal::UnitTestImpl*, bool (testing::internal::UnitTestImpl::*)(), char const*) (in /home/jminces/Algo 2/algoritmos2/herramientas/algobot/algobot/2022-c1/repos/450_21/g4/taller/correcciones/2022-06-07/test)
==5296==    by 0x12B69D: testing::UnitTest::Run() (in /home/jminces/Algo 2/algoritmos2/herramientas/algobot/algobot/2022-c1/repos/450_21/g4/taller/correcciones/2022-06-07/test)
==5296== 
==5296== LEAK SUMMARY:
==5296==    definitely lost: 184 bytes in 34 blocks
==5296==    indirectly lost: 56,188 bytes in 61 blocks
==5296==      possibly lost: 0 bytes in 0 blocks
==5296==    still reachable: 0 bytes in 0 blocks
==5296==         suppressed: 0 bytes in 0 blocks
==5296== 
==5296== For counts of detected and suppressed errors, rerun with: -v
==5296== ERROR SUMMARY: 34 errors from 34 contexts (suppressed: 0 from 0)
